Change Value of Parameter Purchase-URL in Part J? Old=https://pricing.snapeda.com/search/part/B4B-XH-A(LF)(SN)/?ref=eda New=https://item.szlcsc.com/155727.html
Added Parameter ChipDip_Link=https://www.chipdip.ru/product0/8004520548 to Part J?
Added Parameter ChipDip_Link= to Part J?
Added Parameter ChipDip_Link= to Part J?
Added Parameter ChipDip_Link= to Part J?
Added Parameter ChipDip_Link= to Part U?
Added Parameter ChipDip_Link= to Part U?
Added Parameter ChipDip_Link= to Part U?
Added Parameter ChipDip_Link= to Part U?
Added Parameter ChipDip_Link= to Part U?
Added Parameter ChipDip_Link= to Part J?
Added Parameter ChipDip_Link= to Part U?
Added Parameter ChipDip_Link= to Part C?
Added Parameter ChipDip_Link= to Part U?
Added Parameter ChipDip_Link= to Part J?
Added Parameter ChipDip_Link= to Part J?
Added Parameter HelpURL= to Part J?
Added Parameter HelpURL= to Part J?
Added Parameter HelpURL= to Part U?
Added Parameter HelpURL= to Part U?
Added Parameter HelpURL= to Part C?
Added Parameter HelpURL= to Part U?
Added Parameter HelpURL= to Part J?
Added Parameter HelpURL= to Part J?
Added Parameter Instructions= to Part J?
Added Parameter Instructions= to Part J?
Added Parameter Instructions= to Part J?
Added Parameter Instructions= to Part J?
Added Parameter Instructions= to Part U?
Added Parameter Instructions= to Part U?
Added Parameter Instructions= to Part U?
Added Parameter Instructions= to Part U?
Added Parameter Instructions= to Part U?
Added Parameter Instructions= to Part J?
Added Parameter Instructions= to Part U?
Added Parameter Instructions= to Part C?
Added Parameter Instructions= to Part U?
Added Parameter Instructions= to Part J?
Added Parameter Instructions= to Part J?
Added Parameter MF= to Part U?
Added Parameter MP= to Part U?
Added Parameter Package= to Part U?
Added Parameter Purchase-URL= to Part J?
Added Parameter Purchase-URL= to Part D?
Added Parameter Purchase-URL= to Part J?
Added Parameter Purchase-URL= to Part C?
Added Parameter Purchase-URL= to Part J?
Added Parameter Purchase-URL= to Part U?
Added Parameter Purchase-URL= to Part D?
Added Parameter Purchase-URL= to Part D?
Added Parameter Purchase-URL= to Part D?
Added Parameter Purchase-URL= to Part D?
Added Parameter Purchase-URL= to Part P
Added Parameter Purchase-URL= to Part CAN?
Added Parameter Purchase-URL= to Part P?
Added Parameter Purchase-URL= to Part FT?
Added Parameter Purchase-URL= to Part J
Added Parameter Purchase-URL= to Part S?
Added Parameter Purchase-URL= to Part J?
Added Parameter Purchase-URL= to Part J?
Added Parameter Purchase-URL= to Part J
Added Parameter Purchase-URL= to Part J?
Added Parameter Purchase-URL= to Part J
Added Parameter Purchase-URL= to Part Y?
Added Parameter Purchase-URL= to Part Y?
Added Parameter Purchase-URL= to Part U
Added Parameter Purchase-URL= to Part TB?
Added Parameter Purchase-URL= to Part J?
Added Parameter Purchase-URL= to Part P?
Added Parameter Purchase-URL= to Part D?
Added Parameter Purchase-URL= to Part U?
Added Parameter Purchase-URL= to Part L?
Added Parameter Purchase-URL= to Part X?
Added Parameter Purchase-URL= to Part D?
Added Parameter Purchase-URL= to Part B?
Added Parameter Purchase-URL= to Part U?
Added Parameter Purchase-URL= to Part J?
Added Parameter Purchase-URL= to Part J?
Added Parameter Purchase-URL= to Part U?
Added Parameter Purchase-URL= to Part U?
Added Parameter Purchase-URL= to Part U?
Added Parameter Purchase-URL= to Part Q?
Added Parameter Purchase-URL= to Part Q?
Added Parameter Purchase-URL= to Part Q?
Added Parameter Purchase-URL= to Part ?
Added Parameter Purchase-URL= to Part Q?
Added Parameter Purchase-URL= to Part Q?
Added Parameter Purchase-URL= to Part C?
Added Parameter Purchase-URL= to Part C?
Added Parameter Purchase-URL= to Part RN?
Added Parameter Purchase-URL= to Part RN?
Added Parameter Purchase-URL= to Part RN?
Added Parameter Purchase-URL= to Part U?
Added Parameter Purchase-URL= to Part U?
Added Parameter Purchase-URL= to Part U?
Added Parameter Purchase-URL= to Part *
Added Parameter Purchase-URL= to Part U
Added Parameter Purchase-URL= to Part Y?
Added Parameter Purchase-URL= to Part Y?
Added Parameter Purchase-URL= to Part Y?
Added Parameter Purchase-URL= to Part J
Added Parameter Purchase-URL= to Part J
Added Parameter Purchase-URL= to Part D??
Added Parameter Purchase-URL= to Part U?
Added Parameter Purchase-URL= to Part U?
Added Parameter Purchase-URL= to Part U
Added Parameter Purchase-URL= to Part U
Added Parameter Purchase-URL= to Part K?
Added Parameter Purchase-URL= to Part EMI?
Added Parameter Purchase-URL= to Part Tx?
Added Parameter Purchase-URL= to Part U?
Added Parameter Purchase-URL= to Part U?
Added Parameter Purchase-URL= to Part U?
Added Parameter Purchase-URL= to Part U?
Added Parameter Purchase-URL= to Part C?
Added Parameter Purchase-URL= to Part A?
Added Parameter Purchase-URL= to Part C?
Added Parameter Purchase-URL= to Part C?
Added Parameter Purchase-URL= to Part C?
Added Parameter Purchase-URL= to Part C?
Added Parameter Purchase-URL= to Part C?
Added Parameter Purchase-URL= to Part C?
Added Parameter Purchase-URL= to Part C?
Added Parameter Purchase-URL= to Part C?
Added Parameter Purchase-URL= to Part C?
Added Parameter Purchase-URL= to Part C?
Added Parameter Purchase-URL= to Part C?
Added Parameter Purchase-URL= to Part C?
Added Parameter Purchase-URL= to Part C?
Added Parameter Purchase-URL= to Part C?
Added Parameter Purchase-URL= to Part C?
Added Parameter Purchase-URL= to Part XP?
Added Parameter Purchase-URL= to Part P?
Added Parameter Purchase-URL= to Part U?
Added Parameter Purchase-URL= to Part U?
Added Parameter Purchase-URL= to Part U?
Added Parameter Purchase-URL= to Part 
Added Parameter Purchase-URL= to Part U?
Added Parameter Purchase-URL= to Part U?
Added Parameter Purchase-URL= to Part U?
Added Parameter Purchase-URL= to Part U
Added Parameter Purchase-URL= to Part L?
Added Parameter Purchase-URL= to Part L?
Added Parameter Purchase-URL= to Part L?
Added Parameter Purchase-URL= to Part U?
Added Parameter Purchase-URL= to Part Q?
Added Parameter Purchase-URL= to Part Q?
Added Parameter Purchase-URL= to Part Q?
Added Parameter Purchase-URL= to Part Q?
Added Parameter Purchase-URL= to Part ?
Added Parameter Purchase-URL= to Part U?
Added Parameter Purchase-URL= to Part U?
Added Parameter Purchase-URL= to Part U
Added Parameter Purchase-URL= to Part U?
Added Parameter Purchase-URL= to Part L?
Added Parameter Purchase-URL= to Part L?
Added Parameter Purchase-URL= to Part U?
Added Parameter Purchase-URL= to Part D?
Added Parameter Purchase-URL= to Part U?
Added Parameter Purchase-URL= to Part U?
Added Parameter Purchase-URL= to Part U?
Added Parameter Purchase-URL= to Part Q?
Added Parameter Purchase-URL= to Part U?
Added Parameter Purchase-URL= to Part B?
Added Parameter Purchase-URL= to Part U?
Added Parameter Purchase-URL= to Part U?
Added Parameter Purchase-URL= to Part U?
Added Parameter Purchase-URL= to Part Q?
Added Parameter Purchase-URL= to Part Y?
Added Parameter Purchase-URL= to Part U?
Added Parameter Purchase-URL= to Part J?
Added Parameter Purchase-URL= to Part J?
Added Parameter Purchase-URL= to Part J?
Added Parameter Purchase-URL= to Part TP?
Added Parameter Purchase-URL= to Part D?
Added Parameter Purchase-URL= to Part D?
Added Parameter Purchase-URL= to Part D?
Added Parameter Purchase-URL= to Part FR?
Added Parameter Purchase-URL= to Part R?
Added Parameter Purchase-URL= to Part R?
Added Parameter Purchase-URL= to Part R?
Added Parameter Purchase-URL= to Part R?
Added Parameter Purchase-URL= to Part R?
Added Parameter Purchase-URL= to Part R?
Added Parameter Purchase-URL= to Part R?
Added Parameter Purchase-URL= to Part R?
Added Parameter Purchase-URL= to Part R?
Added Parameter Purchase-URL= to Part R?
Added Parameter Purchase-URL= to Part R?
Added Parameter Purchase-URL= to Part R?
Added Parameter Purchase-URL= to Part R?
Added Parameter Purchase-URL= to Part R?
Added Parameter Purchase-URL= to Part R?
Added Parameter Purchase-URL= to Part R?
Added Parameter Purchase-URL= to Part R?
Added Parameter Purchase-URL= to Part R?
Added Parameter Purchase-URL= to Part R?
Added Parameter Purchase-URL= to Part R?
Added Parameter Purchase-URL= to Part R?
Added Parameter Purchase-URL= to Part R?
Added Parameter Purchase-URL= to Part R?
Added Parameter Purchase-URL= to Part R?
Added Parameter Purchase-URL= to Part R?
Added Parameter Purchase-URL= to Part R?
Added Parameter Purchase-URL= to Part R?
Added Parameter Purchase-URL= to Part R?
Added Parameter Purchase-URL= to Part R?
Added Parameter Purchase-URL= to Part R?
Added Parameter Purchase-URL= to Part R?
Added Parameter Purchase-URL= to Part R?
Added Parameter Purchase-URL= to Part R?
Added Parameter Purchase-URL= to Part R?
Added Parameter Purchase-URL= to Part R?
Added Parameter Purchase-URL= to Part R?
Added Parameter Purchase-URL= to Part R?
Added Parameter Purchase-URL= to Part R?
Added Parameter Purchase-URL= to Part R?
Added Parameter Purchase-URL= to Part R?
Added Parameter Purchase-URL= to Part R?
Added Parameter Purchase-URL= to Part LED?
Added Parameter Purchase-URL= to Part U?
Added Parameter Purchase-URL= to Part J?
Added Parameter Purchase-URL= to Part P?
Added Parameter Purchase-URL= to Part P?
Added Parameter Purchase-URL= to Part S?
Added Parameter Purchase-URL= to Part U?
Added Parameter Purchase-URL= to Part R?
Added Parameter Purchase-URL= to Part Q?
Added Parameter Purchase-URL= to Part X?
Added Parameter Purchase-URL= to Part P?
Added Parameter Purchase-URL= to Part P?
Added Parameter Purchase-URL= to Part P?
Added Parameter Purchase-URL= to Part D?
Added Parameter Purchase-URL= to Part CAN-AP?
Added Parameter Purchase-URL= to Part J
Added Parameter Purchase-URL= to Part J
Added Parameter Purchase-URL= to Part J?
Added Parameter Purchase-URL= to Part U?
Added Parameter Purchase-URL= to Part U?
Added Parameter Purchase-URL= to Part U?
Added Parameter Purchase-URL= to Part U?
Added Parameter Purchase-URL= to Part U?
Added Parameter Purchase-URL= to Part D?
Added Parameter Purchase-URL= to Part U?
Added Parameter Purchase-URL= to Part DD?
Added Parameter Purchase-URL= to Part DD?
Added Parameter Purchase-URL= to Part U?
Added Parameter Purchase-URL= to Part U?
Added Parameter Purchase-URL= to Part D?
Added Parameter Purchase-URL= to Part SWD?
Added Parameter Purchase-URL= to Part C?
Added Parameter Purchase-URL= to Part U?
Added Parameter Purchase-URL= to Part U?
Added Parameter Purchase-URL= to Part U?
Added Parameter Purchase-URL= to Part IC?
Added Parameter Purchase-URL= to Part U?
Added Parameter Purchase-URL= to Part D?
Added Parameter Purchase-URL= to Part U?
Added Parameter Purchase-URL= to Part TP?
Added Parameter Purchase-URL= to Part U?
Added Parameter Purchase-URL= to Part U?
Added Parameter Purchase-URL= to Part J?
Added Parameter Purchase-URL= to Part J?
Added Parameter Purchase-URL= to Part 
Added Parameter Purchase-URL= to Part U?
Added Parameter Purchase-URL= to Part J?
Added Parameter Purchase-URL= to Part U?
Added Parameter Purchase-URL= to Part U
Added Parameter Purchase-URL= to Part TVS?
Added Parameter Purchase-URL= to Part P?
Added Parameter Purchase-URL= to Part D?
Added Parameter Purchase-URL= to Part D?
Added Parameter Purchase-URL= to Part J?
Added Parameter Purchase-URL= to Part J?
Added Parameter Purchase-URL= to Part J?
Added Parameter Purchase-URL= to Part J?
Added Parameter Purchase-URL= to Part J?
Added Parameter Purchase-URL= to Part J?
Added Parameter Purchase-URL= to Part J?
Added Parameter Purchase-URL= to Part J?
Added Parameter Purchase-URL= to Part J?
Added Parameter Purchase-URL= to Part J?
Added Parameter Purchase-URL= to Part J?
Added Parameter Purchase-URL= to Part J?
Added Parameter SnapEDA_Link= to Part U?
Added Parameter SnapEDA_Link= to Part U?
Added Parameter System= to Part J?
Added Parameter System= to Part J?
Added Parameter System= to Part J?
Added Parameter System= to Part J?
Added Parameter System= to Part U?
Added Parameter System= to Part U?
Added Parameter System= to Part U?
Added Parameter System= to Part U?
Added Parameter System= to Part U?
Added Parameter System= to Part J?
Added Parameter System= to Part U?
Added Parameter System= to Part C?
Added Parameter System= to Part U?
Added Parameter System= to Part J?
Added Parameter System= to Part J?
Added Parameter Type= to Part J?
Added Parameter Type= to Part J?
Added Parameter Type= to Part J?
Added Parameter Type= to Part J?
Added Parameter Type= to Part U?
Added Parameter Type= to Part U?
Added Parameter Type= to Part U?
Added Parameter Type= to Part U?
Added Parameter Type= to Part U?
Added Parameter Type= to Part J?
Added Parameter Type= to Part U?
Added Parameter Type= to Part C?
Added Parameter Type= to Part U?
Added Parameter Type= to Part J?
Added Parameter Type= to Part J?
Added Parameter Value= to Part U?
