Removed Parameter Availability:In Stock from Part J?
Removed Parameter Availability:In Stock from Part J?
Removed Parameter Availability:In Stock from Part C?
Removed Parameter Availability:Not in stock from Part U?
Removed Parameter Availability:Not in stock from Part J?
Removed Parameter Availability:Unavailable from Part J?
Removed Parameter Availability:Unavailable from Part U?
Removed Parameter Availability:Unavailable from Part U?
Removed Parameter Availability:Unavailable from Part U?
Removed Parameter Availability:Unavailable from Part U?
Removed Parameter Availability:Unavailable from Part J?
Removed Parameter Availability:Unavailable from Part U?
Removed Parameter Availability:Unavailable from Part J?
Removed Parameter Availability:Warning from Part J?
Removed Parameter BuyPart:https://www.snapeda.com/parts/XT60PW-F/AMASS/view-part/2890674/?ref=eda from Part J?
Removed Parameter Centerline_Pitch:1.02 mm[.04 in] from Part J?
Removed Parameter Check_prices:https://www.snapeda.com/parts/691210910006/Wurth+Electronics+Inc/view-part/?ref=eda from Part J?
Removed Parameter Check_prices:https://www.snapeda.com/parts/B3B-XH-A(LF)(SN)/JST%20Sales%20America%20Inc./view-part/231271/?ref=eda from Part J?
Removed Parameter Check_prices:https://www.snapeda.com/parts/B4B-XH-A(LF)(SN)/JST%20Sales%20America%20Inc./view-part/447494/?ref=eda from Part J?
Removed Parameter Check_prices:https://www.snapeda.com/parts/Ch340G/WCH/view-part/?ref=eda from Part U?
Removed Parameter Check_prices:https://www.snapeda.com/parts/TPSD686M020H0070/AVX/view-part/?ref=eda from Part C?
Removed Parameter Check_prices:https://www.snapeda.com/parts/XT60PW-M/AMASS/view-part/?ref=eda from Part J?
Removed Parameter ChipDip_Price:4 from Part C?
Removed Parameter ChipDip_Price:4 from Part C?
Removed Parameter ChipDip_Price:4 from Part C?
Removed Parameter ChipDip_Price:10 from Part C?
Removed Parameter ChipDip_Price:11 from Part C?
Removed Parameter ChipDip_Price:12 from Part C?
Removed Parameter ChipDip_Price:15 from Part C?
Removed Parameter ChipDip_Price:93 from Part U?
Removed Parameter ChipDip_Price:93 from Part U?
Removed Parameter ChipDip_Price:93 from Part U?
Removed Parameter ChipDip_Price:98 from Part U?
Removed Parameter ChipDip_Price:160 from Part U?
Removed Parameter ChipDip_Price:293 from Part A?
Removed Parameter ChipDip_Price:540 from Part U?
Removed Parameter ChipDip_Price: from Part D?
Removed Parameter ChipDip_Price: from Part J?
Removed Parameter ChipDip_Price: from Part C?
Removed Parameter ChipDip_Price: from Part J?
Removed Parameter ChipDip_Price: from Part U?
Removed Parameter ChipDip_Price: from Part D?
Removed Parameter ChipDip_Price: from Part D?
Removed Parameter ChipDip_Price: from Part D?
Removed Parameter ChipDip_Price: from Part D?
Removed Parameter ChipDip_Price: from Part P
Removed Parameter ChipDip_Price: from Part CAN?
Removed Parameter ChipDip_Price: from Part P?
Removed Parameter ChipDip_Price: from Part FT?
Removed Parameter ChipDip_Price: from Part J
Removed Parameter ChipDip_Price: from Part S?
Removed Parameter ChipDip_Price: from Part J?
Removed Parameter ChipDip_Price: from Part J?
Removed Parameter ChipDip_Price: from Part J
Removed Parameter ChipDip_Price: from Part J?
Removed Parameter ChipDip_Price: from Part J
Removed Parameter ChipDip_Price: from Part Y?
Removed Parameter ChipDip_Price: from Part Y?
Removed Parameter ChipDip_Price: from Part U
Removed Parameter ChipDip_Price: from Part TB?
Removed Parameter ChipDip_Price: from Part P?
Removed Parameter ChipDip_Price: from Part D?
Removed Parameter ChipDip_Price: from Part L?
Removed Parameter ChipDip_Price: from Part X?
Removed Parameter ChipDip_Price: from Part D?
Removed Parameter ChipDip_Price: from Part B?
Removed Parameter ChipDip_Price: from Part J?
Removed Parameter ChipDip_Price: from Part J?
Removed Parameter ChipDip_Price: from Part U?
Removed Parameter ChipDip_Price: from Part U?
Removed Parameter ChipDip_Price: from Part U?
Removed Parameter ChipDip_Price: from Part Q?
Removed Parameter ChipDip_Price: from Part Q?
Removed Parameter ChipDip_Price: from Part Q?
Removed Parameter ChipDip_Price: from Part ?
Removed Parameter ChipDip_Price: from Part Q?
Removed Parameter ChipDip_Price: from Part Q?
Removed Parameter ChipDip_Price: from Part C?
Removed Parameter ChipDip_Price: from Part C?
Removed Parameter ChipDip_Price: from Part RN?
Removed Parameter ChipDip_Price: from Part RN?
Removed Parameter ChipDip_Price: from Part RN?
Removed Parameter ChipDip_Price: from Part U?
Removed Parameter ChipDip_Price: from Part *
Removed Parameter ChipDip_Price: from Part U
Removed Parameter ChipDip_Price: from Part Y?
Removed Parameter ChipDip_Price: from Part Y?
Removed Parameter ChipDip_Price: from Part Y?
Removed Parameter ChipDip_Price: from Part J
Removed Parameter ChipDip_Price: from Part J
Removed Parameter ChipDip_Price: from Part D??
Removed Parameter ChipDip_Price: from Part U?
Removed Parameter ChipDip_Price: from Part U?
Removed Parameter ChipDip_Price: from Part U
Removed Parameter ChipDip_Price: from Part U
Removed Parameter ChipDip_Price: from Part K?
Removed Parameter ChipDip_Price: from Part EMI?
Removed Parameter ChipDip_Price: from Part Tx?
Removed Parameter ChipDip_Price: from Part U?
Removed Parameter ChipDip_Price: from Part U?
Removed Parameter ChipDip_Price: from Part C?
Removed Parameter ChipDip_Price: from Part C?
Removed Parameter ChipDip_Price: from Part C?
Removed Parameter ChipDip_Price: from Part C?
Removed Parameter ChipDip_Price: from Part C?
Removed Parameter ChipDip_Price: from Part C?
Removed Parameter ChipDip_Price: from Part C?
Removed Parameter ChipDip_Price: from Part C?
Removed Parameter ChipDip_Price: from Part C?
Removed Parameter ChipDip_Price: from Part XP?
Removed Parameter ChipDip_Price: from Part P?
Removed Parameter ChipDip_Price: from Part U?
Removed Parameter ChipDip_Price: from Part U?
Removed Parameter ChipDip_Price: from Part U?
Removed Parameter ChipDip_Price: from Part 
Removed Parameter ChipDip_Price: from Part U?
Removed Parameter ChipDip_Price: from Part U?
Removed Parameter ChipDip_Price: from Part U?
Removed Parameter ChipDip_Price: from Part U
Removed Parameter ChipDip_Price: from Part L?
Removed Parameter ChipDip_Price: from Part L?
Removed Parameter ChipDip_Price: from Part L?
Removed Parameter ChipDip_Price: from Part U?
Removed Parameter ChipDip_Price: from Part Q?
Removed Parameter ChipDip_Price: from Part Q?
Removed Parameter ChipDip_Price: from Part Q?
Removed Parameter ChipDip_Price: from Part Q?
Removed Parameter ChipDip_Price: from Part ?
Removed Parameter ChipDip_Price: from Part U?
Removed Parameter ChipDip_Price: from Part U?
Removed Parameter ChipDip_Price: from Part U
Removed Parameter ChipDip_Price: from Part U?
Removed Parameter ChipDip_Price: from Part L?
Removed Parameter ChipDip_Price: from Part L?
Removed Parameter ChipDip_Price: from Part U?
Removed Parameter ChipDip_Price: from Part D?
Removed Parameter ChipDip_Price: from Part U?
Removed Parameter ChipDip_Price: from Part U?
Removed Parameter ChipDip_Price: from Part Q?
Removed Parameter ChipDip_Price: from Part U?
Removed Parameter ChipDip_Price: from Part B?
Removed Parameter ChipDip_Price: from Part U?
Removed Parameter ChipDip_Price: from Part U?
Removed Parameter ChipDip_Price: from Part U?
Removed Parameter ChipDip_Price: from Part Q?
Removed Parameter ChipDip_Price: from Part Y?
Removed Parameter ChipDip_Price: from Part U?
Removed Parameter ChipDip_Price: from Part J?
Removed Parameter ChipDip_Price: from Part J?
Removed Parameter ChipDip_Price: from Part J?
Removed Parameter ChipDip_Price: from Part TP?
Removed Parameter ChipDip_Price: from Part D?
Removed Parameter ChipDip_Price: from Part D?
Removed Parameter ChipDip_Price: from Part D?
Removed Parameter ChipDip_Price: from Part FR?
Removed Parameter ChipDip_Price: from Part R?
Removed Parameter ChipDip_Price: from Part R?
Removed Parameter ChipDip_Price: from Part R?
Removed Parameter ChipDip_Price: from Part R?
Removed Parameter ChipDip_Price: from Part R?
Removed Parameter ChipDip_Price: from Part R?
Removed Parameter ChipDip_Price: from Part R?
Removed Parameter ChipDip_Price: from Part R?
Removed Parameter ChipDip_Price: from Part R?
Removed Parameter ChipDip_Price: from Part R?
Removed Parameter ChipDip_Price: from Part R?
Removed Parameter ChipDip_Price: from Part R?
Removed Parameter ChipDip_Price: from Part R?
Removed Parameter ChipDip_Price: from Part R?
Removed Parameter ChipDip_Price: from Part R?
Removed Parameter ChipDip_Price: from Part R?
Removed Parameter ChipDip_Price: from Part R?
Removed Parameter ChipDip_Price: from Part R?
Removed Parameter ChipDip_Price: from Part R?
Removed Parameter ChipDip_Price: from Part R?
Removed Parameter ChipDip_Price: from Part R?
Removed Parameter ChipDip_Price: from Part R?
Removed Parameter ChipDip_Price: from Part R?
Removed Parameter ChipDip_Price: from Part R?
Removed Parameter ChipDip_Price: from Part R?
Removed Parameter ChipDip_Price: from Part R?
Removed Parameter ChipDip_Price: from Part R?
Removed Parameter ChipDip_Price: from Part R?
Removed Parameter ChipDip_Price: from Part R?
Removed Parameter ChipDip_Price: from Part R?
Removed Parameter ChipDip_Price: from Part R?
Removed Parameter ChipDip_Price: from Part R?
Removed Parameter ChipDip_Price: from Part R?
Removed Parameter ChipDip_Price: from Part R?
Removed Parameter ChipDip_Price: from Part R?
Removed Parameter ChipDip_Price: from Part R?
Removed Parameter ChipDip_Price: from Part R?
Removed Parameter ChipDip_Price: from Part R?
Removed Parameter ChipDip_Price: from Part R?
Removed Parameter ChipDip_Price: from Part R?
Removed Parameter ChipDip_Price: from Part R?
Removed Parameter ChipDip_Price: from Part LED?
Removed Parameter ChipDip_Price: from Part U?
Removed Parameter ChipDip_Price: from Part P?
Removed Parameter ChipDip_Price: from Part P?
Removed Parameter ChipDip_Price: from Part S?
Removed Parameter ChipDip_Price: from Part U?
Removed Parameter ChipDip_Price: from Part R?
Removed Parameter ChipDip_Price: from Part Q?
Removed Parameter ChipDip_Price: from Part X?
Removed Parameter ChipDip_Price: from Part P?
Removed Parameter ChipDip_Price: from Part P?
Removed Parameter ChipDip_Price: from Part P?
Removed Parameter ChipDip_Price: from Part D?
Removed Parameter ChipDip_Price: from Part CAN-AP?
Removed Parameter ChipDip_Price: from Part J
Removed Parameter ChipDip_Price: from Part J
Removed Parameter ChipDip_Price: from Part J?
Removed Parameter ChipDip_Price: from Part U?
Removed Parameter ChipDip_Price: from Part U?
Removed Parameter ChipDip_Price: from Part D?
Removed Parameter ChipDip_Price: from Part U?
Removed Parameter ChipDip_Price: from Part DD?
Removed Parameter ChipDip_Price: from Part DD?
Removed Parameter ChipDip_Price: from Part U?
Removed Parameter ChipDip_Price: from Part U?
Removed Parameter ChipDip_Price: from Part D?
Removed Parameter ChipDip_Price: from Part SWD?
Removed Parameter ChipDip_Price: from Part C?
Removed Parameter ChipDip_Price: from Part U?
Removed Parameter ChipDip_Price: from Part IC?
Removed Parameter ChipDip_Price: from Part U?
Removed Parameter ChipDip_Price: from Part D?
Removed Parameter ChipDip_Price: from Part U?
Removed Parameter ChipDip_Price: from Part TP?
Removed Parameter ChipDip_Price: from Part U?
Removed Parameter ChipDip_Price: from Part U?
Removed Parameter ChipDip_Price: from Part J?
Removed Parameter ChipDip_Price: from Part J?
Removed Parameter ChipDip_Price: from Part 
Removed Parameter ChipDip_Price: from Part U?
Removed Parameter ChipDip_Price: from Part J?
Removed Parameter ChipDip_Price: from Part U
Removed Parameter ChipDip_Price: from Part TVS?
Removed Parameter ChipDip_Price: from Part P?
Removed Parameter ChipDip_Price: from Part D?
Removed Parameter ChipDip_Price: from Part D?
Removed Parameter ChipDip_Price: from Part J?
Removed Parameter ChipDip_Price: from Part J?
Removed Parameter ChipDip_Price: from Part J?
Removed Parameter ChipDip_Price: from Part J?
Removed Parameter ChipDip_Price: from Part J?
Removed Parameter ChipDip_Price: from Part J?
Removed Parameter ChipDip_Price: from Part J?
Removed Parameter ChipDip_Price: from Part J?
Removed Parameter ChipDip_Price: from Part J?
Removed Parameter ChipDip_Price: from Part J?
Removed Parameter DeviceName: from Part U?
Removed Parameter DeviceSetName:USB2517-JZX from Part U?
Removed Parameter Digi-Key-URL: from Part C?
Removed Parameter Digi-Key-URL: from Part J?
Removed Parameter Digi-Key-URL: from Part U?
Removed Parameter Digi-Key-URL: from Part D?
Removed Parameter Digi-Key-URL: from Part D?
Removed Parameter Digi-Key-URL: from Part D?
Removed Parameter Digi-Key-URL: from Part D?
Removed Parameter Digi-Key-URL: from Part P
Removed Parameter Digi-Key-URL: from Part CAN?
Removed Parameter Digi-Key-URL: from Part P?
Removed Parameter Digi-Key-URL: from Part J
Removed Parameter Digi-Key-URL: from Part S?
Removed Parameter Digi-Key-URL: from Part J?
Removed Parameter Digi-Key-URL: from Part J?
Removed Parameter Digi-Key-URL: from Part J
Removed Parameter Digi-Key-URL: from Part J?
Removed Parameter Digi-Key-URL: from Part J
Removed Parameter Digi-Key-URL: from Part Y?
Removed Parameter Digi-Key-URL: from Part Y?
Removed Parameter Digi-Key-URL: from Part U
Removed Parameter Digi-Key-URL: from Part TB?
Removed Parameter Digi-Key-URL: from Part P?
Removed Parameter Digi-Key-URL: from Part D?
Removed Parameter Digi-Key-URL: from Part U?
Removed Parameter Digi-Key-URL: from Part L?
Removed Parameter Digi-Key-URL: from Part X?
Removed Parameter Digi-Key-URL: from Part D?
Removed Parameter Digi-Key-URL: from Part B?
Removed Parameter Digi-Key-URL: from Part U?
Removed Parameter Digi-Key-URL: from Part J?
Removed Parameter Digi-Key-URL: from Part J?
Removed Parameter Digi-Key-URL: from Part U?
Removed Parameter Digi-Key-URL: from Part U?
Removed Parameter Digi-Key-URL: from Part Q?
Removed Parameter Digi-Key-URL: from Part Q?
Removed Parameter Digi-Key-URL: from Part Q?
Removed Parameter Digi-Key-URL: from Part ?
Removed Parameter Digi-Key-URL: from Part Q?
Removed Parameter Digi-Key-URL: from Part Q?
Removed Parameter Digi-Key-URL: from Part C?
Removed Parameter Digi-Key-URL: from Part C?
Removed Parameter Digi-Key-URL: from Part RN?
Removed Parameter Digi-Key-URL: from Part RN?
Removed Parameter Digi-Key-URL: from Part RN?
Removed Parameter Digi-Key-URL: from Part U?
Removed Parameter Digi-Key-URL: from Part *
Removed Parameter Digi-Key-URL: from Part U
Removed Parameter Digi-Key-URL: from Part Y?
Removed Parameter Digi-Key-URL: from Part Y?
Removed Parameter Digi-Key-URL: from Part Y?
Removed Parameter Digi-Key-URL: from Part J
Removed Parameter Digi-Key-URL: from Part J
Removed Parameter Digi-Key-URL: from Part D??
Removed Parameter Digi-Key-URL: from Part U?
Removed Parameter Digi-Key-URL: from Part U?
Removed Parameter Digi-Key-URL: from Part U
Removed Parameter Digi-Key-URL: from Part U
Removed Parameter Digi-Key-URL: from Part K?
Removed Parameter Digi-Key-URL: from Part EMI?
Removed Parameter Digi-Key-URL: from Part Tx?
Removed Parameter Digi-Key-URL: from Part U?
Removed Parameter Digi-Key-URL: from Part U?
Removed Parameter Digi-Key-URL: from Part C?
Removed Parameter Digi-Key-URL: from Part A?
Removed Parameter Digi-Key-URL: from Part C?
Removed Parameter Digi-Key-URL: from Part C?
Removed Parameter Digi-Key-URL: from Part C?
Removed Parameter Digi-Key-URL: from Part C?
Removed Parameter Digi-Key-URL: from Part C?
Removed Parameter Digi-Key-URL: from Part C?
Removed Parameter Digi-Key-URL: from Part C?
Removed Parameter Digi-Key-URL: from Part C?
Removed Parameter Digi-Key-URL: from Part C?
Removed Parameter Digi-Key-URL: from Part C?
Removed Parameter Digi-Key-URL: from Part C?
Removed Parameter Digi-Key-URL: from Part C?
Removed Parameter Digi-Key-URL: from Part C?
Removed Parameter Digi-Key-URL: from Part C?
Removed Parameter Digi-Key-URL: from Part C?
Removed Parameter Digi-Key-URL: from Part XP?
Removed Parameter Digi-Key-URL: from Part P?
Removed Parameter Digi-Key-URL: from Part U?
Removed Parameter Digi-Key-URL: from Part U?
Removed Parameter Digi-Key-URL: from Part U?
Removed Parameter Digi-Key-URL: from Part 
Removed Parameter Digi-Key-URL: from Part U?
Removed Parameter Digi-Key-URL: from Part U?
Removed Parameter Digi-Key-URL: from Part U?
Removed Parameter Digi-Key-URL: from Part L?
Removed Parameter Digi-Key-URL: from Part L?
Removed Parameter Digi-Key-URL: from Part L?
Removed Parameter Digi-Key-URL: from Part U?
Removed Parameter Digi-Key-URL: from Part Q?
Removed Parameter Digi-Key-URL: from Part Q?
Removed Parameter Digi-Key-URL: from Part Q?
Removed Parameter Digi-Key-URL: from Part Q?
Removed Parameter Digi-Key-URL: from Part ?
Removed Parameter Digi-Key-URL: from Part U?
Removed Parameter Digi-Key-URL: from Part U?
Removed Parameter Digi-Key-URL: from Part U
Removed Parameter Digi-Key-URL: from Part U?
Removed Parameter Digi-Key-URL: from Part L?
Removed Parameter Digi-Key-URL: from Part L?
Removed Parameter Digi-Key-URL: from Part U?
Removed Parameter Digi-Key-URL: from Part D?
Removed Parameter Digi-Key-URL: from Part U?
Removed Parameter Digi-Key-URL: from Part U?
Removed Parameter Digi-Key-URL: from Part Q?
Removed Parameter Digi-Key-URL: from Part U?
Removed Parameter Digi-Key-URL: from Part B?
Removed Parameter Digi-Key-URL: from Part U?
Removed Parameter Digi-Key-URL: from Part U?
Removed Parameter Digi-Key-URL: from Part U?
Removed Parameter Digi-Key-URL: from Part Q?
Removed Parameter Digi-Key-URL: from Part Y?
Removed Parameter Digi-Key-URL: from Part U?
Removed Parameter Digi-Key-URL: from Part J?
Removed Parameter Digi-Key-URL: from Part J?
Removed Parameter Digi-Key-URL: from Part J?
Removed Parameter Digi-Key-URL: from Part TP?
Removed Parameter Digi-Key-URL: from Part D?
Removed Parameter Digi-Key-URL: from Part D?
Removed Parameter Digi-Key-URL: from Part D?
Removed Parameter Digi-Key-URL: from Part FR?
Removed Parameter Digi-Key-URL: from Part R?
Removed Parameter Digi-Key-URL: from Part R?
Removed Parameter Digi-Key-URL: from Part R?
Removed Parameter Digi-Key-URL: from Part R?
Removed Parameter Digi-Key-URL: from Part R?
Removed Parameter Digi-Key-URL: from Part R?
Removed Parameter Digi-Key-URL: from Part R?
Removed Parameter Digi-Key-URL: from Part R?
Removed Parameter Digi-Key-URL: from Part R?
Removed Parameter Digi-Key-URL: from Part R?
Removed Parameter Digi-Key-URL: from Part R?
Removed Parameter Digi-Key-URL: from Part R?
Removed Parameter Digi-Key-URL: from Part R?
Removed Parameter Digi-Key-URL: from Part R?
Removed Parameter Digi-Key-URL: from Part R?
Removed Parameter Digi-Key-URL: from Part R?
Removed Parameter Digi-Key-URL: from Part R?
Removed Parameter Digi-Key-URL: from Part R?
Removed Parameter Digi-Key-URL: from Part R?
Removed Parameter Digi-Key-URL: from Part R?
Removed Parameter Digi-Key-URL: from Part R?
Removed Parameter Digi-Key-URL: from Part R?
Removed Parameter Digi-Key-URL: from Part R?
Removed Parameter Digi-Key-URL: from Part R?
Removed Parameter Digi-Key-URL: from Part R?
Removed Parameter Digi-Key-URL: from Part R?
Removed Parameter Digi-Key-URL: from Part R?
Removed Parameter Digi-Key-URL: from Part R?
Removed Parameter Digi-Key-URL: from Part R?
Removed Parameter Digi-Key-URL: from Part R?
Removed Parameter Digi-Key-URL: from Part R?
Removed Parameter Digi-Key-URL: from Part R?
Removed Parameter Digi-Key-URL: from Part LED?
Removed Parameter Digi-Key-URL: from Part U?
Removed Parameter Digi-Key-URL: from Part P?
Removed Parameter Digi-Key-URL: from Part P?
Removed Parameter Digi-Key-URL: from Part S?
Removed Parameter Digi-Key-URL: from Part U?
Removed Parameter Digi-Key-URL: from Part R?
Removed Parameter Digi-Key-URL: from Part Q?
Removed Parameter Digi-Key-URL: from Part X?
Removed Parameter Digi-Key-URL: from Part P?
Removed Parameter Digi-Key-URL: from Part P?
Removed Parameter Digi-Key-URL: from Part P?
Removed Parameter Digi-Key-URL: from Part D?
Removed Parameter Digi-Key-URL: from Part CAN-AP?
Removed Parameter Digi-Key-URL: from Part J
Removed Parameter Digi-Key-URL: from Part J
Removed Parameter Digi-Key-URL: from Part J?
Removed Parameter Digi-Key-URL: from Part U?
Removed Parameter Digi-Key-URL: from Part U?
Removed Parameter Digi-Key-URL: from Part U?
Removed Parameter Digi-Key-URL: from Part U?
Removed Parameter Digi-Key-URL: from Part U?
Removed Parameter Digi-Key-URL: from Part D?
Removed Parameter Digi-Key-URL: from Part U?
Removed Parameter Digi-Key-URL: from Part DD?
Removed Parameter Digi-Key-URL: from Part DD?
Removed Parameter Digi-Key-URL: from Part U?
Removed Parameter Digi-Key-URL: from Part D?
Removed Parameter Digi-Key-URL: from Part SWD?
Removed Parameter Digi-Key-URL: from Part C?
Removed Parameter Digi-Key-URL: from Part U?
Removed Parameter Digi-Key-URL: from Part U?
Removed Parameter Digi-Key-URL: from Part IC?
Removed Parameter Digi-Key-URL: from Part U?
Removed Parameter Digi-Key-URL: from Part D?
Removed Parameter Digi-Key-URL: from Part U?
Removed Parameter Digi-Key-URL: from Part TP?
Removed Parameter Digi-Key-URL: from Part U?
Removed Parameter Digi-Key-URL: from Part U?
Removed Parameter Digi-Key-URL: from Part J?
Removed Parameter Digi-Key-URL: from Part J?
Removed Parameter Digi-Key-URL: from Part 
Removed Parameter Digi-Key-URL: from Part U?
Removed Parameter Digi-Key-URL: from Part J?
Removed Parameter Digi-Key-URL: from Part U
Removed Parameter Digi-Key-URL: from Part TVS?
Removed Parameter Digi-Key-URL: from Part P?
Removed Parameter Digi-Key-URL: from Part D?
Removed Parameter Digi-Key-URL: from Part D?
Removed Parameter Digi-Key-URL: from Part J?
Removed Parameter Digi-Key-URL: from Part J?
Removed Parameter Digi-Key-URL: from Part J?
Removed Parameter Digi-Key-URL: from Part J?
Removed Parameter Digi-Key-URL: from Part J?
Removed Parameter Digi-Key-URL: from Part J?
Removed Parameter Digi-Key-URL: from Part J?
Removed Parameter Digi-Key-URL: from Part J?
Removed Parameter Digi-Key-URL: from Part J?
Removed Parameter Digi-Key-URL: from Part J?
Removed Parameter Digi-Key-URL:https://www.digikey.com.cn/product-detail/zh/tdk-invensense/ICM-42605/1428-1152-1-ND/9953675?utm_source=snapeda&utm_medium=aggregator&utm_campaign=symbol from Part U
Removed Parameter Digi-Key-URL:https://www.digikey.com/product-detail/en/bosch-sensortec/BMP388/828-1079-1-ND/8322640?utm_source=snapeda&utm_medium=aggregator&utm_campaign=symbol from Part U?
Removed Parameter Digi-Key-URL:https://www.digikey.com/product-detail/en/molex/5033981892/WM11190CT-ND/5230912?utm_source=snapeda&utm_medium=aggregator&utm_campaign=symbol from Part FT?
Removed Parameter Digi-Key-URL:https://www.digikey.com/product-detail/en/on-semiconductor/1N4148WS/1N4148WSFSCT-ND/1873821?utm_source=snapeda&utm_medium=aggregator&utm_campaign=symbol from Part D?
Removed Parameter Digi-Key-URL:https://www.digikey.com/product-detail/en/stmicroelectronics/STM32F765IIK6/497-16626-ND/6137837?utm_source=snapeda&utm_medium=aggregator&utm_campaign=symbol from Part U?
Removed Parameter Digi-Key-URL:https://www.digikey.com/product-detail/en/te-connectivity-amp-connectors/3-794618-4/A33253-ND/1114991?utm_source=snapeda&utm_medium=aggregator&utm_campaign=symbol from Part J?
Removed Parameter Digi-Key PN:1N4148WSFSCT-ND from Part D?
Removed Parameter Digi-Key PN:497-16626-ND from Part U?
Removed Parameter Digi-Key PN:828-1079-1-ND from Part U?
Removed Parameter Digi-Key PN:1428-1152-1-ND from Part U
Removed Parameter Digi-Key PN:A33253-ND from Part J?
Removed Parameter Digi-Key PN: from Part C?
Removed Parameter Digi-Key PN: from Part J?
Removed Parameter Digi-Key PN: from Part U?
Removed Parameter Digi-Key PN: from Part D?
Removed Parameter Digi-Key PN: from Part D?
Removed Parameter Digi-Key PN: from Part D?
Removed Parameter Digi-Key PN: from Part D?
Removed Parameter Digi-Key PN: from Part P
Removed Parameter Digi-Key PN: from Part CAN?
Removed Parameter Digi-Key PN: from Part P?
Removed Parameter Digi-Key PN: from Part J
Removed Parameter Digi-Key PN: from Part S?
Removed Parameter Digi-Key PN: from Part J?
Removed Parameter Digi-Key PN: from Part J?
Removed Parameter Digi-Key PN: from Part J
Removed Parameter Digi-Key PN: from Part J?
Removed Parameter Digi-Key PN: from Part J
Removed Parameter Digi-Key PN: from Part Y?
Removed Parameter Digi-Key PN: from Part Y?
Removed Parameter Digi-Key PN: from Part U
Removed Parameter Digi-Key PN: from Part TB?
Removed Parameter Digi-Key PN: from Part P?
Removed Parameter Digi-Key PN: from Part D?
Removed Parameter Digi-Key PN: from Part U?
Removed Parameter Digi-Key PN: from Part L?
Removed Parameter Digi-Key PN: from Part X?
Removed Parameter Digi-Key PN: from Part D?
Removed Parameter Digi-Key PN: from Part B?
Removed Parameter Digi-Key PN: from Part U?
Removed Parameter Digi-Key PN: from Part J?
Removed Parameter Digi-Key PN: from Part J?
Removed Parameter Digi-Key PN: from Part U?
Removed Parameter Digi-Key PN: from Part U?
Removed Parameter Digi-Key PN: from Part Q?
Removed Parameter Digi-Key PN: from Part Q?
Removed Parameter Digi-Key PN: from Part Q?
Removed Parameter Digi-Key PN: from Part ?
Removed Parameter Digi-Key PN: from Part Q?
Removed Parameter Digi-Key PN: from Part Q?
Removed Parameter Digi-Key PN: from Part C?
Removed Parameter Digi-Key PN: from Part C?
Removed Parameter Digi-Key PN: from Part RN?
Removed Parameter Digi-Key PN: from Part RN?
Removed Parameter Digi-Key PN: from Part RN?
Removed Parameter Digi-Key PN: from Part U?
Removed Parameter Digi-Key PN: from Part *
Removed Parameter Digi-Key PN: from Part U
Removed Parameter Digi-Key PN: from Part Y?
Removed Parameter Digi-Key PN: from Part Y?
Removed Parameter Digi-Key PN: from Part Y?
Removed Parameter Digi-Key PN: from Part D??
Removed Parameter Digi-Key PN: from Part U?
Removed Parameter Digi-Key PN: from Part U?
Removed Parameter Digi-Key PN: from Part U
Removed Parameter Digi-Key PN: from Part U
Removed Parameter Digi-Key PN: from Part K?
Removed Parameter Digi-Key PN: from Part EMI?
Removed Parameter Digi-Key PN: from Part Tx?
Removed Parameter Digi-Key PN: from Part U?
Removed Parameter Digi-Key PN: from Part U?
Removed Parameter Digi-Key PN: from Part C?
Removed Parameter Digi-Key PN: from Part A?
Removed Parameter Digi-Key PN: from Part C?
Removed Parameter Digi-Key PN: from Part C?
Removed Parameter Digi-Key PN: from Part C?
Removed Parameter Digi-Key PN: from Part C?
Removed Parameter Digi-Key PN: from Part C?
Removed Parameter Digi-Key PN: from Part C?
Removed Parameter Digi-Key PN: from Part C?
Removed Parameter Digi-Key PN: from Part C?
Removed Parameter Digi-Key PN: from Part C?
Removed Parameter Digi-Key PN: from Part C?
Removed Parameter Digi-Key PN: from Part C?
Removed Parameter Digi-Key PN: from Part C?
Removed Parameter Digi-Key PN: from Part C?
Removed Parameter Digi-Key PN: from Part C?
Removed Parameter Digi-Key PN: from Part C?
Removed Parameter Digi-Key PN: from Part XP?
Removed Parameter Digi-Key PN: from Part P?
Removed Parameter Digi-Key PN: from Part U?
Removed Parameter Digi-Key PN: from Part U?
Removed Parameter Digi-Key PN: from Part U?
Removed Parameter Digi-Key PN: from Part 
Removed Parameter Digi-Key PN: from Part U?
Removed Parameter Digi-Key PN: from Part U?
Removed Parameter Digi-Key PN: from Part U?
Removed Parameter Digi-Key PN: from Part L?
Removed Parameter Digi-Key PN: from Part L?
Removed Parameter Digi-Key PN: from Part L?
Removed Parameter Digi-Key PN: from Part U?
Removed Parameter Digi-Key PN: from Part Q?
Removed Parameter Digi-Key PN: from Part Q?
Removed Parameter Digi-Key PN: from Part Q?
Removed Parameter Digi-Key PN: from Part Q?
Removed Parameter Digi-Key PN: from Part ?
Removed Parameter Digi-Key PN: from Part U?
Removed Parameter Digi-Key PN: from Part U?
Removed Parameter Digi-Key PN: from Part U
Removed Parameter Digi-Key PN: from Part U?
Removed Parameter Digi-Key PN: from Part L?
Removed Parameter Digi-Key PN: from Part L?
Removed Parameter Digi-Key PN: from Part U?
Removed Parameter Digi-Key PN: from Part D?
Removed Parameter Digi-Key PN: from Part U?
Removed Parameter Digi-Key PN: from Part U?
Removed Parameter Digi-Key PN: from Part Q?
Removed Parameter Digi-Key PN: from Part U?
Removed Parameter Digi-Key PN: from Part B?
Removed Parameter Digi-Key PN: from Part U?
Removed Parameter Digi-Key PN: from Part U?
Removed Parameter Digi-Key PN: from Part U?
Removed Parameter Digi-Key PN: from Part Q?
Removed Parameter Digi-Key PN: from Part Y?
Removed Parameter Digi-Key PN: from Part U?
Removed Parameter Digi-Key PN: from Part J?
Removed Parameter Digi-Key PN: from Part J?
Removed Parameter Digi-Key PN: from Part J?
Removed Parameter Digi-Key PN: from Part TP?
Removed Parameter Digi-Key PN: from Part D?
Removed Parameter Digi-Key PN: from Part D?
Removed Parameter Digi-Key PN: from Part D?
Removed Parameter Digi-Key PN: from Part FR?
Removed Parameter Digi-Key PN: from Part R?
Removed Parameter Digi-Key PN: from Part R?
Removed Parameter Digi-Key PN: from Part R?
Removed Parameter Digi-Key PN: from Part R?
Removed Parameter Digi-Key PN: from Part R?
Removed Parameter Digi-Key PN: from Part R?
Removed Parameter Digi-Key PN: from Part R?
Removed Parameter Digi-Key PN: from Part R?
Removed Parameter Digi-Key PN: from Part R?
Removed Parameter Digi-Key PN: from Part R?
Removed Parameter Digi-Key PN: from Part R?
Removed Parameter Digi-Key PN: from Part R?
Removed Parameter Digi-Key PN: from Part R?
Removed Parameter Digi-Key PN: from Part R?
Removed Parameter Digi-Key PN: from Part R?
Removed Parameter Digi-Key PN: from Part R?
Removed Parameter Digi-Key PN: from Part R?
Removed Parameter Digi-Key PN: from Part R?
Removed Parameter Digi-Key PN: from Part R?
Removed Parameter Digi-Key PN: from Part R?
Removed Parameter Digi-Key PN: from Part R?
Removed Parameter Digi-Key PN: from Part R?
Removed Parameter Digi-Key PN: from Part R?
Removed Parameter Digi-Key PN: from Part R?
Removed Parameter Digi-Key PN: from Part R?
Removed Parameter Digi-Key PN: from Part R?
Removed Parameter Digi-Key PN: from Part R?
Removed Parameter Digi-Key PN: from Part R?
Removed Parameter Digi-Key PN: from Part R?
Removed Parameter Digi-Key PN: from Part R?
Removed Parameter Digi-Key PN: from Part R?
Removed Parameter Digi-Key PN: from Part R?
Removed Parameter Digi-Key PN: from Part LED?
Removed Parameter Digi-Key PN: from Part U?
Removed Parameter Digi-Key PN: from Part P?
Removed Parameter Digi-Key PN: from Part P?
Removed Parameter Digi-Key PN: from Part S?
Removed Parameter Digi-Key PN: from Part U?
Removed Parameter Digi-Key PN: from Part R?
Removed Parameter Digi-Key PN: from Part Q?
Removed Parameter Digi-Key PN: from Part X?
Removed Parameter Digi-Key PN: from Part P?
Removed Parameter Digi-Key PN: from Part P?
Removed Parameter Digi-Key PN: from Part P?
Removed Parameter Digi-Key PN: from Part D?
Removed Parameter Digi-Key PN: from Part CAN-AP?
Removed Parameter Digi-Key PN: from Part J
Removed Parameter Digi-Key PN: from Part J
Removed Parameter Digi-Key PN: from Part U?
Removed Parameter Digi-Key PN: from Part U?
Removed Parameter Digi-Key PN: from Part U?
Removed Parameter Digi-Key PN: from Part U?
Removed Parameter Digi-Key PN: from Part U?
Removed Parameter Digi-Key PN: from Part D?
Removed Parameter Digi-Key PN: from Part U?
Removed Parameter Digi-Key PN: from Part DD?
Removed Parameter Digi-Key PN: from Part DD?
Removed Parameter Digi-Key PN: from Part U?
Removed Parameter Digi-Key PN: from Part D?
Removed Parameter Digi-Key PN: from Part SWD?
Removed Parameter Digi-Key PN: from Part C?
Removed Parameter Digi-Key PN: from Part U?
Removed Parameter Digi-Key PN: from Part U?
Removed Parameter Digi-Key PN: from Part IC?
Removed Parameter Digi-Key PN: from Part U?
Removed Parameter Digi-Key PN: from Part D?
Removed Parameter Digi-Key PN: from Part U?
Removed Parameter Digi-Key PN: from Part TP?
Removed Parameter Digi-Key PN: from Part U?
Removed Parameter Digi-Key PN: from Part U?
Removed Parameter Digi-Key PN: from Part J?
Removed Parameter Digi-Key PN: from Part J?
Removed Parameter Digi-Key PN: from Part 
Removed Parameter Digi-Key PN: from Part U?
Removed Parameter Digi-Key PN: from Part J?
Removed Parameter Digi-Key PN: from Part U
Removed Parameter Digi-Key PN: from Part TVS?
Removed Parameter Digi-Key PN: from Part P?
Removed Parameter Digi-Key PN: from Part D?
Removed Parameter Digi-Key PN: from Part D?
Removed Parameter Digi-Key PN: from Part J?
Removed Parameter Digi-Key PN: from Part J?
Removed Parameter Digi-Key PN: from Part J?
Removed Parameter Digi-Key PN: from Part J?
Removed Parameter Digi-Key PN: from Part J?
Removed Parameter Digi-Key PN: from Part J?
Removed Parameter Digi-Key PN: from Part J?
Removed Parameter Digi-Key PN: from Part J?
Removed Parameter Digi-Key PN: from Part J?
Removed Parameter Digi-Key PN: from Part J?
Removed Parameter Digi-Key PN:H11115CT-ND from Part J
Removed Parameter Digi-Key PN:H11143CT-ND from Part J
Removed Parameter Digi-Key PN:SAM8857-ND from Part J?
Removed Parameter Digi-Key PN:WM11190CT-ND from Part FT?
Removed Parameter GateName_1:U1 from Part U?
Removed Parameter LibraryName:qualified_1 from Part U?
Removed Parameter Mouser-URL: from Part D?
Removed Parameter Mouser-URL: from Part J?
Removed Parameter Mouser-URL: from Part C?
Removed Parameter Mouser-URL: from Part J?
Removed Parameter Mouser-URL: from Part U?
Removed Parameter Mouser-URL: from Part D?
Removed Parameter Mouser-URL: from Part D?
Removed Parameter Mouser-URL: from Part D?
Removed Parameter Mouser-URL: from Part D?
Removed Parameter Mouser-URL: from Part P
Removed Parameter Mouser-URL: from Part CAN?
Removed Parameter Mouser-URL: from Part P?
Removed Parameter Mouser-URL: from Part FT?
Removed Parameter Mouser-URL: from Part J
Removed Parameter Mouser-URL: from Part S?
Removed Parameter Mouser-URL: from Part J?
Removed Parameter Mouser-URL: from Part J?
Removed Parameter Mouser-URL: from Part J
Removed Parameter Mouser-URL: from Part J?
Removed Parameter Mouser-URL: from Part J
Removed Parameter Mouser-URL: from Part Y?
Removed Parameter Mouser-URL: from Part Y?
Removed Parameter Mouser-URL: from Part U
Removed Parameter Mouser-URL: from Part TB?
Removed Parameter Mouser-URL: from Part P?
Removed Parameter Mouser-URL: from Part D?
Removed Parameter Mouser-URL: from Part U?
Removed Parameter Mouser-URL: from Part L?
Removed Parameter Mouser-URL: from Part X?
Removed Parameter Mouser-URL: from Part D?
Removed Parameter Mouser-URL: from Part B?
Removed Parameter Mouser-URL: from Part U?
Removed Parameter Mouser-URL: from Part J?
Removed Parameter Mouser-URL: from Part J?
Removed Parameter Mouser-URL: from Part U?
Removed Parameter Mouser-URL: from Part U?
Removed Parameter Mouser-URL: from Part U?
Removed Parameter Mouser-URL: from Part Q?
Removed Parameter Mouser-URL: from Part Q?
Removed Parameter Mouser-URL: from Part Q?
Removed Parameter Mouser-URL: from Part ?
Removed Parameter Mouser-URL: from Part Q?
Removed Parameter Mouser-URL: from Part Q?
Removed Parameter Mouser-URL: from Part C?
Removed Parameter Mouser-URL: from Part C?
Removed Parameter Mouser-URL: from Part RN?
Removed Parameter Mouser-URL: from Part RN?
Removed Parameter Mouser-URL: from Part RN?
Removed Parameter Mouser-URL: from Part U?
Removed Parameter Mouser-URL: from Part *
Removed Parameter Mouser-URL: from Part U
Removed Parameter Mouser-URL: from Part Y?
Removed Parameter Mouser-URL: from Part Y?
Removed Parameter Mouser-URL: from Part Y?
Removed Parameter Mouser-URL: from Part J
Removed Parameter Mouser-URL: from Part D??
Removed Parameter Mouser-URL: from Part U?
Removed Parameter Mouser-URL: from Part U?
Removed Parameter Mouser-URL: from Part U
Removed Parameter Mouser-URL: from Part U
Removed Parameter Mouser-URL: from Part K?
Removed Parameter Mouser-URL: from Part EMI?
Removed Parameter Mouser-URL: from Part Tx?
Removed Parameter Mouser-URL: from Part U?
Removed Parameter Mouser-URL: from Part U?
Removed Parameter Mouser-URL: from Part C?
Removed Parameter Mouser-URL: from Part A?
Removed Parameter Mouser-URL: from Part C?
Removed Parameter Mouser-URL: from Part C?
Removed Parameter Mouser-URL: from Part C?
Removed Parameter Mouser-URL: from Part C?
Removed Parameter Mouser-URL: from Part C?
Removed Parameter Mouser-URL: from Part C?
Removed Parameter Mouser-URL: from Part C?
Removed Parameter Mouser-URL: from Part C?
Removed Parameter Mouser-URL: from Part C?
Removed Parameter Mouser-URL: from Part C?
Removed Parameter Mouser-URL: from Part C?
Removed Parameter Mouser-URL: from Part C?
Removed Parameter Mouser-URL: from Part C?
Removed Parameter Mouser-URL: from Part C?
Removed Parameter Mouser-URL: from Part C?
Removed Parameter Mouser-URL: from Part XP?
Removed Parameter Mouser-URL: from Part P?
Removed Parameter Mouser-URL: from Part U?
Removed Parameter Mouser-URL: from Part U?
Removed Parameter Mouser-URL: from Part U?
Removed Parameter Mouser-URL: from Part 
Removed Parameter Mouser-URL: from Part U?
Removed Parameter Mouser-URL: from Part U?
Removed Parameter Mouser-URL: from Part U?
Removed Parameter Mouser-URL: from Part U
Removed Parameter Mouser-URL: from Part L?
Removed Parameter Mouser-URL: from Part L?
Removed Parameter Mouser-URL: from Part L?
Removed Parameter Mouser-URL: from Part U?
Removed Parameter Mouser-URL: from Part Q?
Removed Parameter Mouser-URL: from Part Q?
Removed Parameter Mouser-URL: from Part Q?
Removed Parameter Mouser-URL: from Part Q?
Removed Parameter Mouser-URL: from Part ?
Removed Parameter Mouser-URL: from Part U?
Removed Parameter Mouser-URL: from Part U
Removed Parameter Mouser-URL: from Part U?
Removed Parameter Mouser-URL: from Part L?
Removed Parameter Mouser-URL: from Part L?
Removed Parameter Mouser-URL: from Part U?
Removed Parameter Mouser-URL: from Part D?
Removed Parameter Mouser-URL: from Part U?
Removed Parameter Mouser-URL: from Part U?
Removed Parameter Mouser-URL: from Part Q?
Removed Parameter Mouser-URL: from Part U?
Removed Parameter Mouser-URL: from Part B?
Removed Parameter Mouser-URL: from Part U?
Removed Parameter Mouser-URL: from Part U?
Removed Parameter Mouser-URL: from Part U?
Removed Parameter Mouser-URL: from Part Q?
Removed Parameter Mouser-URL: from Part Y?
Removed Parameter Mouser-URL: from Part U?
Removed Parameter Mouser-URL: from Part J?
Removed Parameter Mouser-URL: from Part J?
Removed Parameter Mouser-URL: from Part J?
Removed Parameter Mouser-URL: from Part TP?
Removed Parameter Mouser-URL: from Part D?
Removed Parameter Mouser-URL: from Part D?
Removed Parameter Mouser-URL: from Part D?
Removed Parameter Mouser-URL: from Part FR?
Removed Parameter Mouser-URL: from Part R?
Removed Parameter Mouser-URL: from Part R?
Removed Parameter Mouser-URL: from Part R?
Removed Parameter Mouser-URL: from Part R?
Removed Parameter Mouser-URL: from Part R?
Removed Parameter Mouser-URL: from Part R?
Removed Parameter Mouser-URL: from Part R?
Removed Parameter Mouser-URL: from Part R?
Removed Parameter Mouser-URL: from Part R?
Removed Parameter Mouser-URL: from Part R?
Removed Parameter Mouser-URL: from Part R?
Removed Parameter Mouser-URL: from Part R?
Removed Parameter Mouser-URL: from Part R?
Removed Parameter Mouser-URL: from Part R?
Removed Parameter Mouser-URL: from Part R?
Removed Parameter Mouser-URL: from Part R?
Removed Parameter Mouser-URL: from Part R?
Removed Parameter Mouser-URL: from Part R?
Removed Parameter Mouser-URL: from Part R?
Removed Parameter Mouser-URL: from Part R?
Removed Parameter Mouser-URL: from Part R?
Removed Parameter Mouser-URL: from Part R?
Removed Parameter Mouser-URL: from Part R?
Removed Parameter Mouser-URL: from Part R?
Removed Parameter Mouser-URL: from Part R?
Removed Parameter Mouser-URL: from Part R?
Removed Parameter Mouser-URL: from Part R?
Removed Parameter Mouser-URL: from Part R?
Removed Parameter Mouser-URL: from Part R?
Removed Parameter Mouser-URL: from Part R?
Removed Parameter Mouser-URL: from Part R?
Removed Parameter Mouser-URL: from Part R?
Removed Parameter Mouser-URL: from Part LED?
Removed Parameter Mouser-URL: from Part U?
Removed Parameter Mouser-URL: from Part P?
Removed Parameter Mouser-URL: from Part P?
Removed Parameter Mouser-URL: from Part S?
Removed Parameter Mouser-URL: from Part U?
Removed Parameter Mouser-URL: from Part R?
Removed Parameter Mouser-URL: from Part Q?
Removed Parameter Mouser-URL: from Part X?
Removed Parameter Mouser-URL: from Part P?
Removed Parameter Mouser-URL: from Part P?
Removed Parameter Mouser-URL: from Part P?
Removed Parameter Mouser-URL: from Part D?
Removed Parameter Mouser-URL: from Part CAN-AP?
Removed Parameter Mouser-URL: from Part J
Removed Parameter Mouser-URL: from Part J
Removed Parameter Mouser-URL: from Part J?
Removed Parameter Mouser-URL: from Part U?
Removed Parameter Mouser-URL: from Part U?
Removed Parameter Mouser-URL: from Part U?
Removed Parameter Mouser-URL: from Part U?
Removed Parameter Mouser-URL: from Part U?
Removed Parameter Mouser-URL: from Part D?
Removed Parameter Mouser-URL: from Part U?
Removed Parameter Mouser-URL: from Part DD?
Removed Parameter Mouser-URL: from Part DD?
Removed Parameter Mouser-URL: from Part U?
Removed Parameter Mouser-URL: from Part U?
Removed Parameter Mouser-URL: from Part D?
Removed Parameter Mouser-URL: from Part SWD?
Removed Parameter Mouser-URL: from Part C?
Removed Parameter Mouser-URL: from Part U?
Removed Parameter Mouser-URL: from Part U?
Removed Parameter Mouser-URL: from Part IC?
Removed Parameter Mouser-URL: from Part U?
Removed Parameter Mouser-URL: from Part D?
Removed Parameter Mouser-URL: from Part U?
Removed Parameter Mouser-URL: from Part TP?
Removed Parameter Mouser-URL: from Part U?
Removed Parameter Mouser-URL: from Part U?
Removed Parameter Mouser-URL: from Part J?
Removed Parameter Mouser-URL: from Part J?
Removed Parameter Mouser-URL: from Part 
Removed Parameter Mouser-URL: from Part U?
Removed Parameter Mouser-URL: from Part J?
Removed Parameter Mouser-URL: from Part U
Removed Parameter Mouser-URL: from Part TVS?
Removed Parameter Mouser-URL: from Part P?
Removed Parameter Mouser-URL: from Part D?
Removed Parameter Mouser-URL: from Part D?
Removed Parameter Mouser-URL: from Part J?
Removed Parameter Mouser-URL: from Part J?
Removed Parameter Mouser-URL: from Part J?
Removed Parameter Mouser-URL: from Part J?
Removed Parameter Mouser-URL: from Part J?
Removed Parameter Mouser-URL: from Part J?
Removed Parameter Mouser-URL: from Part J?
Removed Parameter Mouser-URL: from Part J?
Removed Parameter Mouser-URL: from Part J?
Removed Parameter Mouser-URL: from Part J?
Removed Parameter Mouser-URL:https://snapeda.com/shop?store=Mouser&id=134292 from Part J
Removed Parameter Mouser-URL:https://snapeda.com/shop?store=Mouser&id=281729 from Part U?
Removed Parameter Number_of_Positions:8 from Part J?
Removed Parameter OurStock: from Part D?
Removed Parameter OurStock: from Part J?
Removed Parameter OurStock: from Part C?
Removed Parameter OurStock: from Part J?
Removed Parameter OurStock: from Part U?
Removed Parameter OurStock: from Part D?
Removed Parameter OurStock: from Part D?
Removed Parameter OurStock: from Part D?
Removed Parameter OurStock: from Part D?
Removed Parameter OurStock: from Part P
Removed Parameter OurStock: from Part CAN?
Removed Parameter OurStock: from Part P?
Removed Parameter OurStock: from Part FT?
Removed Parameter OurStock: from Part J
Removed Parameter OurStock: from Part S?
Removed Parameter OurStock: from Part J?
Removed Parameter OurStock: from Part J?
Removed Parameter OurStock: from Part J
Removed Parameter OurStock: from Part J?
Removed Parameter OurStock: from Part J
Removed Parameter OurStock: from Part Y?
Removed Parameter OurStock: from Part Y?
Removed Parameter OurStock: from Part U
Removed Parameter OurStock: from Part TB?
Removed Parameter OurStock: from Part P?
Removed Parameter OurStock: from Part D?
Removed Parameter OurStock: from Part U?
Removed Parameter OurStock: from Part L?
Removed Parameter OurStock: from Part X?
Removed Parameter OurStock: from Part D?
Removed Parameter OurStock: from Part B?
Removed Parameter OurStock: from Part U?
Removed Parameter OurStock: from Part J?
Removed Parameter OurStock: from Part J?
Removed Parameter OurStock: from Part U?
Removed Parameter OurStock: from Part U?
Removed Parameter OurStock: from Part U?
Removed Parameter OurStock: from Part Q?
Removed Parameter OurStock: from Part Q?
Removed Parameter OurStock: from Part Q?
Removed Parameter OurStock: from Part ?
Removed Parameter OurStock: from Part Q?
Removed Parameter OurStock: from Part Q?
Removed Parameter OurStock: from Part C?
Removed Parameter OurStock: from Part C?
Removed Parameter OurStock: from Part RN?
Removed Parameter OurStock: from Part RN?
Removed Parameter OurStock: from Part RN?
Removed Parameter OurStock: from Part U?
Removed Parameter OurStock: from Part *
Removed Parameter OurStock: from Part U
Removed Parameter OurStock: from Part Y?
Removed Parameter OurStock: from Part Y?
Removed Parameter OurStock: from Part Y?
Removed Parameter OurStock: from Part J
Removed Parameter OurStock: from Part J
Removed Parameter OurStock: from Part D??
Removed Parameter OurStock: from Part U?
Removed Parameter OurStock: from Part U?
Removed Parameter OurStock: from Part U
Removed Parameter OurStock: from Part U
Removed Parameter OurStock: from Part K?
Removed Parameter OurStock: from Part EMI?
Removed Parameter OurStock: from Part Tx?
Removed Parameter OurStock: from Part U?
Removed Parameter OurStock: from Part U?
Removed Parameter OurStock: from Part C?
Removed Parameter OurStock: from Part A?
Removed Parameter OurStock: from Part C?
Removed Parameter OurStock: from Part C?
Removed Parameter OurStock: from Part C?
Removed Parameter OurStock: from Part C?
Removed Parameter OurStock: from Part C?
Removed Parameter OurStock: from Part C?
Removed Parameter OurStock: from Part C?
Removed Parameter OurStock: from Part C?
Removed Parameter OurStock: from Part C?
Removed Parameter OurStock: from Part C?
Removed Parameter OurStock: from Part C?
Removed Parameter OurStock: from Part C?
Removed Parameter OurStock: from Part C?
Removed Parameter OurStock: from Part C?
Removed Parameter OurStock: from Part C?
Removed Parameter OurStock: from Part XP?
Removed Parameter OurStock: from Part P?
Removed Parameter OurStock: from Part U?
Removed Parameter OurStock: from Part U?
Removed Parameter OurStock: from Part U?
Removed Parameter OurStock: from Part 
Removed Parameter OurStock: from Part U?
Removed Parameter OurStock: from Part U?
Removed Parameter OurStock: from Part U?
Removed Parameter OurStock: from Part U
Removed Parameter OurStock: from Part L?
Removed Parameter OurStock: from Part L?
Removed Parameter OurStock: from Part L?
Removed Parameter OurStock: from Part U?
Removed Parameter OurStock: from Part Q?
Removed Parameter OurStock: from Part Q?
Removed Parameter OurStock: from Part Q?
Removed Parameter OurStock: from Part Q?
Removed Parameter OurStock: from Part ?
Removed Parameter OurStock: from Part U?
Removed Parameter OurStock: from Part U?
Removed Parameter OurStock: from Part U
Removed Parameter OurStock: from Part U?
Removed Parameter OurStock: from Part L?
Removed Parameter OurStock: from Part L?
Removed Parameter OurStock: from Part U?
Removed Parameter OurStock: from Part D?
Removed Parameter OurStock: from Part U?
Removed Parameter OurStock: from Part U?
Removed Parameter OurStock: from Part Q?
Removed Parameter OurStock: from Part U?
Removed Parameter OurStock: from Part B?
Removed Parameter OurStock: from Part U?
Removed Parameter OurStock: from Part U?
Removed Parameter OurStock: from Part U?
Removed Parameter OurStock: from Part Q?
Removed Parameter OurStock: from Part Y?
Removed Parameter OurStock: from Part U?
Removed Parameter OurStock: from Part J?
Removed Parameter OurStock: from Part J?
Removed Parameter OurStock: from Part J?
Removed Parameter OurStock: from Part TP?
Removed Parameter OurStock: from Part D?
Removed Parameter OurStock: from Part D?
Removed Parameter OurStock: from Part D?
Removed Parameter OurStock: from Part FR?
Removed Parameter OurStock: from Part R?
Removed Parameter OurStock: from Part R?
Removed Parameter OurStock: from Part R?
Removed Parameter OurStock: from Part R?
Removed Parameter OurStock: from Part R?
Removed Parameter OurStock: from Part R?
Removed Parameter OurStock: from Part R?
Removed Parameter OurStock: from Part R?
Removed Parameter OurStock: from Part R?
Removed Parameter OurStock: from Part R?
Removed Parameter OurStock: from Part R?
Removed Parameter OurStock: from Part R?
Removed Parameter OurStock: from Part R?
Removed Parameter OurStock: from Part R?
Removed Parameter OurStock: from Part R?
Removed Parameter OurStock: from Part R?
Removed Parameter OurStock: from Part R?
Removed Parameter OurStock: from Part R?
Removed Parameter OurStock: from Part R?
Removed Parameter OurStock: from Part R?
Removed Parameter OurStock: from Part R?
Removed Parameter OurStock: from Part R?
Removed Parameter OurStock: from Part R?
Removed Parameter OurStock: from Part R?
Removed Parameter OurStock: from Part R?
Removed Parameter OurStock: from Part R?
Removed Parameter OurStock: from Part R?
Removed Parameter OurStock: from Part R?
Removed Parameter OurStock: from Part R?
Removed Parameter OurStock: from Part R?
Removed Parameter OurStock: from Part R?
Removed Parameter OurStock: from Part R?
Removed Parameter OurStock: from Part LED?
Removed Parameter OurStock: from Part U?
Removed Parameter OurStock: from Part P?
Removed Parameter OurStock: from Part P?
Removed Parameter OurStock: from Part S?
Removed Parameter OurStock: from Part U?
Removed Parameter OurStock: from Part R?
Removed Parameter OurStock: from Part Q?
Removed Parameter OurStock: from Part X?
Removed Parameter OurStock: from Part P?
Removed Parameter OurStock: from Part P?
Removed Parameter OurStock: from Part P?
Removed Parameter OurStock: from Part D?
Removed Parameter OurStock: from Part CAN-AP?
Removed Parameter OurStock: from Part J
Removed Parameter OurStock: from Part J
Removed Parameter OurStock: from Part J?
Removed Parameter OurStock: from Part U?
Removed Parameter OurStock: from Part U?
Removed Parameter OurStock: from Part U?
Removed Parameter OurStock: from Part U?
Removed Parameter OurStock: from Part U?
Removed Parameter OurStock: from Part D?
Removed Parameter OurStock: from Part U?
Removed Parameter OurStock: from Part DD?
Removed Parameter OurStock: from Part DD?
Removed Parameter OurStock: from Part U?
Removed Parameter OurStock: from Part U?
Removed Parameter OurStock: from Part D?
Removed Parameter OurStock: from Part SWD?
Removed Parameter OurStock: from Part C?
Removed Parameter OurStock: from Part U?
Removed Parameter OurStock: from Part U?
Removed Parameter OurStock: from Part IC?
Removed Parameter OurStock: from Part U?
Removed Parameter OurStock: from Part D?
Removed Parameter OurStock: from Part U?
Removed Parameter OurStock: from Part TP?
Removed Parameter OurStock: from Part U?
Removed Parameter OurStock: from Part U?
Removed Parameter OurStock: from Part J?
Removed Parameter OurStock: from Part J?
Removed Parameter OurStock: from Part 
Removed Parameter OurStock: from Part U?
Removed Parameter OurStock: from Part J?
Removed Parameter OurStock: from Part U
Removed Parameter OurStock: from Part TVS?
Removed Parameter OurStock: from Part P?
Removed Parameter OurStock: from Part D?
Removed Parameter OurStock: from Part D?
Removed Parameter OurStock: from Part J?
Removed Parameter OurStock: from Part J?
Removed Parameter OurStock: from Part J?
Removed Parameter OurStock: from Part J?
Removed Parameter OurStock: from Part J?
Removed Parameter OurStock: from Part J?
Removed Parameter OurStock: from Part J?
Removed Parameter OurStock: from Part J?
Removed Parameter OurStock: from Part J?
Removed Parameter OurStock: from Part J?
Removed Parameter Pacage Metric:1005 from Part R?
Removed Parameter Pacage Metric:1005 from Part R?
Removed Parameter Pacage Metric:1005 from Part R?
Removed Parameter Pacage Metric:1005 from Part R?
Removed Parameter Pacage Metric:1005 from Part R?
Removed Parameter Pacage Metric:1005 from Part R?
Removed Parameter Pacage Metric:1005 from Part R?
Removed Parameter Pacage Metric:1005 from Part R?
Removed Parameter Pacage Metric:1005 from Part R?
Removed Parameter Pacage Metric:1005 from Part R?
Removed Parameter Pacage Metric:1005 from Part R?
Removed Parameter Pacage Metric:1005 from Part R?
Removed Parameter Pacage Metric:1005 from Part R?
Removed Parameter Pacage Metric:1005 from Part R?
Removed Parameter Pacage Metric:1608 from Part C?
Removed Parameter Pacage Metric:1608 from Part C?
Removed Parameter Pacage Metric:1608 from Part R?
Removed Parameter Pacage Metric:1608 from Part R?
Removed Parameter Pacage Metric:1608 from Part R?
Removed Parameter Pacage Metric:1608 from Part R?
Removed Parameter Pacage Metric:1608 from Part R?
Removed Parameter Pacage Metric:1608 from Part R?
Removed Parameter Pacage Metric:1608 from Part R?
Removed Parameter Pacage Metric:1608 from Part R?
Removed Parameter Pacage Metric:1608 from Part R?
Removed Parameter Pacage Metric:1608 from Part R?
Removed Parameter Pacage Metric:1608 from Part R?
Removed Parameter Pacage Metric:1608 from Part R?
Removed Parameter Pacage Metric:1608 from Part R?
Removed Parameter Pacage Metric:1608 from Part R?
Removed Parameter Pacage Metric:1608 from Part R?
Removed Parameter Pacage Metric:1608 from Part R?
Removed Parameter Pacage Metric:1608 from Part R?
Removed Parameter Pacage Metric:1608 from Part R?
Removed Parameter Pacage Metric:1608 from Part R?
Removed Parameter Pacage Metric:1608 from Part R?
Removed Parameter Pacage Metric:1608 from Part R?
Removed Parameter Pacage Metric:1608 from Part R?
Removed Parameter Pacage Metric:1608 from Part R?
Removed Parameter Pacage Metric:1608 from Part R?
Removed Parameter Pacage Metric:7343-31 from Part C?
Removed Parameter Pacage Metric: from Part D?
Removed Parameter Pacage Metric: from Part J?
Removed Parameter Pacage Metric: from Part C?
Removed Parameter Pacage Metric: from Part J?
Removed Parameter Pacage Metric: from Part U?
Removed Parameter Pacage Metric: from Part D?
Removed Parameter Pacage Metric: from Part D?
Removed Parameter Pacage Metric: from Part D?
Removed Parameter Pacage Metric: from Part D?
Removed Parameter Pacage Metric: from Part P
Removed Parameter Pacage Metric: from Part CAN?
Removed Parameter Pacage Metric: from Part P?
Removed Parameter Pacage Metric: from Part FT?
Removed Parameter Pacage Metric: from Part J
Removed Parameter Pacage Metric: from Part S?
Removed Parameter Pacage Metric: from Part J?
Removed Parameter Pacage Metric: from Part J?
Removed Parameter Pacage Metric: from Part J
Removed Parameter Pacage Metric: from Part J?
Removed Parameter Pacage Metric: from Part J
Removed Parameter Pacage Metric: from Part Y?
Removed Parameter Pacage Metric: from Part Y?
Removed Parameter Pacage Metric: from Part U
Removed Parameter Pacage Metric: from Part TB?
Removed Parameter Pacage Metric: from Part P?
Removed Parameter Pacage Metric: from Part D?
Removed Parameter Pacage Metric: from Part U?
Removed Parameter Pacage Metric: from Part L?
Removed Parameter Pacage Metric: from Part X?
Removed Parameter Pacage Metric: from Part D?
Removed Parameter Pacage Metric: from Part B?
Removed Parameter Pacage Metric: from Part U?
Removed Parameter Pacage Metric: from Part J?
Removed Parameter Pacage Metric: from Part J?
Removed Parameter Pacage Metric: from Part U?
Removed Parameter Pacage Metric: from Part U?
Removed Parameter Pacage Metric: from Part U?
Removed Parameter Pacage Metric: from Part Q?
Removed Parameter Pacage Metric: from Part Q?
Removed Parameter Pacage Metric: from Part Q?
Removed Parameter Pacage Metric: from Part ?
Removed Parameter Pacage Metric: from Part Q?
Removed Parameter Pacage Metric: from Part Q?
Removed Parameter Pacage Metric: from Part C?
Removed Parameter Pacage Metric: from Part C?
Removed Parameter Pacage Metric: from Part RN?
Removed Parameter Pacage Metric: from Part RN?
Removed Parameter Pacage Metric: from Part RN?
Removed Parameter Pacage Metric: from Part U?
Removed Parameter Pacage Metric: from Part *
Removed Parameter Pacage Metric: from Part U
Removed Parameter Pacage Metric: from Part Y?
Removed Parameter Pacage Metric: from Part Y?
Removed Parameter Pacage Metric: from Part Y?
Removed Parameter Pacage Metric: from Part J
Removed Parameter Pacage Metric: from Part J
Removed Parameter Pacage Metric: from Part D??
Removed Parameter Pacage Metric: from Part U?
Removed Parameter Pacage Metric: from Part U?
Removed Parameter Pacage Metric: from Part U
Removed Parameter Pacage Metric: from Part U
Removed Parameter Pacage Metric: from Part K?
Removed Parameter Pacage Metric: from Part EMI?
Removed Parameter Pacage Metric: from Part Tx?
Removed Parameter Pacage Metric: from Part U?
Removed Parameter Pacage Metric: from Part U?
Removed Parameter Pacage Metric: from Part C?
Removed Parameter Pacage Metric: from Part A?
Removed Parameter Pacage Metric: from Part C?
Removed Parameter Pacage Metric: from Part C?
Removed Parameter Pacage Metric: from Part C?
Removed Parameter Pacage Metric: from Part C?
Removed Parameter Pacage Metric: from Part C?
Removed Parameter Pacage Metric: from Part C?
Removed Parameter Pacage Metric: from Part C?
Removed Parameter Pacage Metric: from Part C?
Removed Parameter Pacage Metric: from Part C?
Removed Parameter Pacage Metric: from Part C?
Removed Parameter Pacage Metric: from Part C?
Removed Parameter Pacage Metric: from Part C?
Removed Parameter Pacage Metric: from Part C?
Removed Parameter Pacage Metric: from Part XP?
Removed Parameter Pacage Metric: from Part P?
Removed Parameter Pacage Metric: from Part U?
Removed Parameter Pacage Metric: from Part U?
Removed Parameter Pacage Metric: from Part U?
Removed Parameter Pacage Metric: from Part 
Removed Parameter Pacage Metric: from Part U?
Removed Parameter Pacage Metric: from Part U?
Removed Parameter Pacage Metric: from Part U?
Removed Parameter Pacage Metric: from Part U
Removed Parameter Pacage Metric: from Part L?
Removed Parameter Pacage Metric: from Part L?
Removed Parameter Pacage Metric: from Part L?
Removed Parameter Pacage Metric: from Part U?
Removed Parameter Pacage Metric: from Part Q?
Removed Parameter Pacage Metric: from Part Q?
Removed Parameter Pacage Metric: from Part Q?
Removed Parameter Pacage Metric: from Part Q?
Removed Parameter Pacage Metric: from Part ?
Removed Parameter Pacage Metric: from Part U?
Removed Parameter Pacage Metric: from Part U?
Removed Parameter Pacage Metric: from Part U
Removed Parameter Pacage Metric: from Part U?
Removed Parameter Pacage Metric: from Part L?
Removed Parameter Pacage Metric: from Part L?
Removed Parameter Pacage Metric: from Part U?
Removed Parameter Pacage Metric: from Part D?
Removed Parameter Pacage Metric: from Part U?
Removed Parameter Pacage Metric: from Part U?
Removed Parameter Pacage Metric: from Part Q?
Removed Parameter Pacage Metric: from Part U?
Removed Parameter Pacage Metric: from Part B?
Removed Parameter Pacage Metric: from Part U?
Removed Parameter Pacage Metric: from Part U?
Removed Parameter Pacage Metric: from Part U?
Removed Parameter Pacage Metric: from Part Q?
Removed Parameter Pacage Metric: from Part Y?
Removed Parameter Pacage Metric: from Part U?
Removed Parameter Pacage Metric: from Part J?
Removed Parameter Pacage Metric: from Part J?
Removed Parameter Pacage Metric: from Part J?
Removed Parameter Pacage Metric: from Part TP?
Removed Parameter Pacage Metric: from Part D?
Removed Parameter Pacage Metric: from Part D?
Removed Parameter Pacage Metric: from Part D?
Removed Parameter Pacage Metric: from Part FR?
Removed Parameter Pacage Metric: from Part R?
Removed Parameter Pacage Metric: from Part R?
Removed Parameter Pacage Metric: from Part R?
Removed Parameter Pacage Metric: from Part LED?
Removed Parameter Pacage Metric: from Part U?
Removed Parameter Pacage Metric: from Part P?
Removed Parameter Pacage Metric: from Part P?
Removed Parameter Pacage Metric: from Part S?
Removed Parameter Pacage Metric: from Part U?
Removed Parameter Pacage Metric: from Part R?
Removed Parameter Pacage Metric: from Part Q?
Removed Parameter Pacage Metric: from Part X?
Removed Parameter Pacage Metric: from Part P?
Removed Parameter Pacage Metric: from Part P?
Removed Parameter Pacage Metric: from Part P?
Removed Parameter Pacage Metric: from Part D?
Removed Parameter Pacage Metric: from Part CAN-AP?
Removed Parameter Pacage Metric: from Part J
Removed Parameter Pacage Metric: from Part J
Removed Parameter Pacage Metric: from Part J?
Removed Parameter Pacage Metric: from Part U?
Removed Parameter Pacage Metric: from Part U?
Removed Parameter Pacage Metric: from Part U?
Removed Parameter Pacage Metric: from Part U?
Removed Parameter Pacage Metric: from Part U?
Removed Parameter Pacage Metric: from Part D?
Removed Parameter Pacage Metric: from Part U?
Removed Parameter Pacage Metric: from Part DD?
Removed Parameter Pacage Metric: from Part DD?
Removed Parameter Pacage Metric: from Part U?
Removed Parameter Pacage Metric: from Part U?
Removed Parameter Pacage Metric: from Part D?
Removed Parameter Pacage Metric: from Part SWD?
Removed Parameter Pacage Metric: from Part U?
Removed Parameter Pacage Metric: from Part U?
Removed Parameter Pacage Metric: from Part IC?
Removed Parameter Pacage Metric: from Part U?
Removed Parameter Pacage Metric: from Part D?
Removed Parameter Pacage Metric: from Part U?
Removed Parameter Pacage Metric: from Part TP?
Removed Parameter Pacage Metric: from Part U?
Removed Parameter Pacage Metric: from Part U?
Removed Parameter Pacage Metric: from Part J?
Removed Parameter Pacage Metric: from Part J?
Removed Parameter Pacage Metric: from Part 
Removed Parameter Pacage Metric: from Part U?
Removed Parameter Pacage Metric: from Part J?
Removed Parameter Pacage Metric: from Part U
Removed Parameter Pacage Metric: from Part TVS?
Removed Parameter Pacage Metric: from Part P?
Removed Parameter Pacage Metric: from Part D?
Removed Parameter Pacage Metric: from Part D?
Removed Parameter Pacage Metric: from Part J?
Removed Parameter Pacage Metric: from Part J?
Removed Parameter Pacage Metric: from Part J?
Removed Parameter Pacage Metric: from Part J?
Removed Parameter Pacage Metric: from Part J?
Removed Parameter Pacage Metric: from Part J?
Removed Parameter Pacage Metric: from Part J?
Removed Parameter Pacage Metric: from Part J?
Removed Parameter Pacage Metric: from Part J?
Removed Parameter Pacage Metric: from Part J?
Removed Parameter PCBWay_Price:0.002 from Part R?
Removed Parameter PCBWay_Price:0.002 from Part R?
Removed Parameter PCBWay_Price:0.002 from Part R?
Removed Parameter PCBWay_Price: from Part D?
Removed Parameter PCBWay_Price: from Part J?
Removed Parameter PCBWay_Price: from Part C?
Removed Parameter PCBWay_Price: from Part J?
Removed Parameter PCBWay_Price: from Part U?
Removed Parameter PCBWay_Price: from Part D?
Removed Parameter PCBWay_Price: from Part D?
Removed Parameter PCBWay_Price: from Part D?
Removed Parameter PCBWay_Price: from Part D?
Removed Parameter PCBWay_Price: from Part P
Removed Parameter PCBWay_Price: from Part CAN?
Removed Parameter PCBWay_Price: from Part P?
Removed Parameter PCBWay_Price: from Part FT?
Removed Parameter PCBWay_Price: from Part J
Removed Parameter PCBWay_Price: from Part S?
Removed Parameter PCBWay_Price: from Part J?
Removed Parameter PCBWay_Price: from Part J?
Removed Parameter PCBWay_Price: from Part J
Removed Parameter PCBWay_Price: from Part J?
Removed Parameter PCBWay_Price: from Part J
Removed Parameter PCBWay_Price: from Part Y?
Removed Parameter PCBWay_Price: from Part Y?
Removed Parameter PCBWay_Price: from Part U
Removed Parameter PCBWay_Price: from Part TB?
Removed Parameter PCBWay_Price: from Part P?
Removed Parameter PCBWay_Price: from Part D?
Removed Parameter PCBWay_Price: from Part U?
Removed Parameter PCBWay_Price: from Part L?
Removed Parameter PCBWay_Price: from Part X?
Removed Parameter PCBWay_Price: from Part D?
Removed Parameter PCBWay_Price: from Part B?
Removed Parameter PCBWay_Price: from Part U?
Removed Parameter PCBWay_Price: from Part J?
Removed Parameter PCBWay_Price: from Part J?
Removed Parameter PCBWay_Price: from Part U?
Removed Parameter PCBWay_Price: from Part U?
Removed Parameter PCBWay_Price: from Part U?
Removed Parameter PCBWay_Price: from Part Q?
Removed Parameter PCBWay_Price: from Part Q?
Removed Parameter PCBWay_Price: from Part Q?
Removed Parameter PCBWay_Price: from Part ?
Removed Parameter PCBWay_Price: from Part Q?
Removed Parameter PCBWay_Price: from Part Q?
Removed Parameter PCBWay_Price: from Part C?
Removed Parameter PCBWay_Price: from Part C?
Removed Parameter PCBWay_Price: from Part RN?
Removed Parameter PCBWay_Price: from Part RN?
Removed Parameter PCBWay_Price: from Part RN?
Removed Parameter PCBWay_Price: from Part U?
Removed Parameter PCBWay_Price: from Part *
Removed Parameter PCBWay_Price: from Part U
Removed Parameter PCBWay_Price: from Part Y?
Removed Parameter PCBWay_Price: from Part Y?
Removed Parameter PCBWay_Price: from Part Y?
Removed Parameter PCBWay_Price: from Part J
Removed Parameter PCBWay_Price: from Part J
Removed Parameter PCBWay_Price: from Part D??
Removed Parameter PCBWay_Price: from Part U?
Removed Parameter PCBWay_Price: from Part U?
Removed Parameter PCBWay_Price: from Part U
Removed Parameter PCBWay_Price: from Part U
Removed Parameter PCBWay_Price: from Part K?
Removed Parameter PCBWay_Price: from Part EMI?
Removed Parameter PCBWay_Price: from Part Tx?
Removed Parameter PCBWay_Price: from Part U?
Removed Parameter PCBWay_Price: from Part U?
Removed Parameter PCBWay_Price: from Part C?
Removed Parameter PCBWay_Price: from Part A?
Removed Parameter PCBWay_Price: from Part C?
Removed Parameter PCBWay_Price: from Part C?
Removed Parameter PCBWay_Price: from Part C?
Removed Parameter PCBWay_Price: from Part C?
Removed Parameter PCBWay_Price: from Part C?
Removed Parameter PCBWay_Price: from Part C?
Removed Parameter PCBWay_Price: from Part C?
Removed Parameter PCBWay_Price: from Part C?
Removed Parameter PCBWay_Price: from Part C?
Removed Parameter PCBWay_Price: from Part C?
Removed Parameter PCBWay_Price: from Part C?
Removed Parameter PCBWay_Price: from Part C?
Removed Parameter PCBWay_Price: from Part C?
Removed Parameter PCBWay_Price: from Part C?
Removed Parameter PCBWay_Price: from Part C?
Removed Parameter PCBWay_Price: from Part XP?
Removed Parameter PCBWay_Price: from Part P?
Removed Parameter PCBWay_Price: from Part U?
Removed Parameter PCBWay_Price: from Part U?
Removed Parameter PCBWay_Price: from Part U?
Removed Parameter PCBWay_Price: from Part 
Removed Parameter PCBWay_Price: from Part U?
Removed Parameter PCBWay_Price: from Part U?
Removed Parameter PCBWay_Price: from Part U?
Removed Parameter PCBWay_Price: from Part U
Removed Parameter PCBWay_Price: from Part L?
Removed Parameter PCBWay_Price: from Part L?
Removed Parameter PCBWay_Price: from Part L?
Removed Parameter PCBWay_Price: from Part U?
Removed Parameter PCBWay_Price: from Part Q?
Removed Parameter PCBWay_Price: from Part Q?
Removed Parameter PCBWay_Price: from Part Q?
Removed Parameter PCBWay_Price: from Part Q?
Removed Parameter PCBWay_Price: from Part ?
Removed Parameter PCBWay_Price: from Part U?
Removed Parameter PCBWay_Price: from Part U?
Removed Parameter PCBWay_Price: from Part U
Removed Parameter PCBWay_Price: from Part U?
Removed Parameter PCBWay_Price: from Part L?
Removed Parameter PCBWay_Price: from Part L?
Removed Parameter PCBWay_Price: from Part U?
Removed Parameter PCBWay_Price: from Part D?
Removed Parameter PCBWay_Price: from Part U?
Removed Parameter PCBWay_Price: from Part U?
Removed Parameter PCBWay_Price: from Part Q?
Removed Parameter PCBWay_Price: from Part U?
Removed Parameter PCBWay_Price: from Part B?
Removed Parameter PCBWay_Price: from Part U?
Removed Parameter PCBWay_Price: from Part U?
Removed Parameter PCBWay_Price: from Part U?
Removed Parameter PCBWay_Price: from Part Q?
Removed Parameter PCBWay_Price: from Part Y?
Removed Parameter PCBWay_Price: from Part U?
Removed Parameter PCBWay_Price: from Part J?
Removed Parameter PCBWay_Price: from Part J?
Removed Parameter PCBWay_Price: from Part J?
Removed Parameter PCBWay_Price: from Part TP?
Removed Parameter PCBWay_Price: from Part D?
Removed Parameter PCBWay_Price: from Part D?
Removed Parameter PCBWay_Price: from Part D?
Removed Parameter PCBWay_Price: from Part FR?
Removed Parameter PCBWay_Price: from Part R?
Removed Parameter PCBWay_Price: from Part R?
Removed Parameter PCBWay_Price: from Part R?
Removed Parameter PCBWay_Price: from Part R?
Removed Parameter PCBWay_Price: from Part R?
Removed Parameter PCBWay_Price: from Part R?
Removed Parameter PCBWay_Price: from Part R?
Removed Parameter PCBWay_Price: from Part R?
Removed Parameter PCBWay_Price: from Part R?
Removed Parameter PCBWay_Price: from Part R?
Removed Parameter PCBWay_Price: from Part R?
Removed Parameter PCBWay_Price: from Part R?
Removed Parameter PCBWay_Price: from Part R?
Removed Parameter PCBWay_Price: from Part R?
Removed Parameter PCBWay_Price: from Part R?
Removed Parameter PCBWay_Price: from Part R?
Removed Parameter PCBWay_Price: from Part R?
Removed Parameter PCBWay_Price: from Part R?
Removed Parameter PCBWay_Price: from Part R?
Removed Parameter PCBWay_Price: from Part R?
Removed Parameter PCBWay_Price: from Part R?
Removed Parameter PCBWay_Price: from Part R?
Removed Parameter PCBWay_Price: from Part R?
Removed Parameter PCBWay_Price: from Part R?
Removed Parameter PCBWay_Price: from Part R?
Removed Parameter PCBWay_Price: from Part R?
Removed Parameter PCBWay_Price: from Part R?
Removed Parameter PCBWay_Price: from Part R?
Removed Parameter PCBWay_Price: from Part R?
Removed Parameter PCBWay_Price: from Part LED?
Removed Parameter PCBWay_Price: from Part U?
Removed Parameter PCBWay_Price: from Part P?
Removed Parameter PCBWay_Price: from Part P?
Removed Parameter PCBWay_Price: from Part S?
Removed Parameter PCBWay_Price: from Part U?
Removed Parameter PCBWay_Price: from Part R?
Removed Parameter PCBWay_Price: from Part Q?
Removed Parameter PCBWay_Price: from Part X?
Removed Parameter PCBWay_Price: from Part P?
Removed Parameter PCBWay_Price: from Part P?
Removed Parameter PCBWay_Price: from Part P?
Removed Parameter PCBWay_Price: from Part D?
Removed Parameter PCBWay_Price: from Part CAN-AP?
Removed Parameter PCBWay_Price: from Part J
Removed Parameter PCBWay_Price: from Part J
Removed Parameter PCBWay_Price: from Part J?
Removed Parameter PCBWay_Price: from Part U?
Removed Parameter PCBWay_Price: from Part U?
Removed Parameter PCBWay_Price: from Part U?
Removed Parameter PCBWay_Price: from Part U?
Removed Parameter PCBWay_Price: from Part U?
Removed Parameter PCBWay_Price: from Part D?
Removed Parameter PCBWay_Price: from Part U?
Removed Parameter PCBWay_Price: from Part DD?
Removed Parameter PCBWay_Price: from Part DD?
Removed Parameter PCBWay_Price: from Part U?
Removed Parameter PCBWay_Price: from Part U?
Removed Parameter PCBWay_Price: from Part D?
Removed Parameter PCBWay_Price: from Part SWD?
Removed Parameter PCBWay_Price: from Part C?
Removed Parameter PCBWay_Price: from Part U?
Removed Parameter PCBWay_Price: from Part U?
Removed Parameter PCBWay_Price: from Part IC?
Removed Parameter PCBWay_Price: from Part U?
Removed Parameter PCBWay_Price: from Part D?
Removed Parameter PCBWay_Price: from Part U?
Removed Parameter PCBWay_Price: from Part TP?
Removed Parameter PCBWay_Price: from Part U?
Removed Parameter PCBWay_Price: from Part U?
Removed Parameter PCBWay_Price: from Part J?
Removed Parameter PCBWay_Price: from Part J?
Removed Parameter PCBWay_Price: from Part 
Removed Parameter PCBWay_Price: from Part U?
Removed Parameter PCBWay_Price: from Part J?
Removed Parameter PCBWay_Price: from Part U
Removed Parameter PCBWay_Price: from Part TVS?
Removed Parameter PCBWay_Price: from Part P?
Removed Parameter PCBWay_Price: from Part D?
Removed Parameter PCBWay_Price: from Part D?
Removed Parameter PCBWay_Price: from Part J?
Removed Parameter PCBWay_Price: from Part J?
Removed Parameter PCBWay_Price: from Part J?
Removed Parameter PCBWay_Price: from Part J?
Removed Parameter PCBWay_Price: from Part J?
Removed Parameter PCBWay_Price: from Part J?
Removed Parameter PCBWay_Price: from Part J?
Removed Parameter PCBWay_Price: from Part J?
Removed Parameter PCBWay_Price: from Part J?
Removed Parameter PCBWay_Price: from Part J?
Removed Parameter Price: from Part R?
Removed Parameter Price: from Part R?
Removed Parameter Price: from Part R?
Removed Parameter Price: from Part R?
Removed Parameter Price: from Part R?
Removed Parameter Price: from Part R?
Removed Parameter Price: from Part R?
Removed Parameter Price: from Part R?
Removed Parameter Price: from Part R?
Removed Parameter Price:None from Part J?
Removed Parameter Price:None from Part J?
Removed Parameter Price:None from Part J?
Removed Parameter Price:None from Part J?
Removed Parameter Price:None from Part U?
Removed Parameter Price:None from Part U?
Removed Parameter Price:None from Part U?
Removed Parameter Price:None from Part U?
Removed Parameter Price:None from Part U?
Removed Parameter Price:None from Part J?
Removed Parameter Price:None from Part U?
Removed Parameter Price:None from Part C?
Removed Parameter Price:None from Part J?
Removed Parameter Price:None from Part J?
Removed Parameter Supplier 1: from Part D?
Removed Parameter Supplier 1: from Part J?
Removed Parameter Supplier 1: from Part C?
Removed Parameter Supplier 1: from Part J?
Removed Parameter Supplier 1: from Part U?
Removed Parameter Supplier 1: from Part D?
Removed Parameter Supplier 1: from Part D?
Removed Parameter Supplier 1: from Part D?
Removed Parameter Supplier 1: from Part D?
Removed Parameter Supplier 1: from Part P
Removed Parameter Supplier 1: from Part CAN?
Removed Parameter Supplier 1: from Part P?
Removed Parameter Supplier 1: from Part FT?
Removed Parameter Supplier 1: from Part J
Removed Parameter Supplier 1: from Part S?
Removed Parameter Supplier 1: from Part J?
Removed Parameter Supplier 1: from Part J?
Removed Parameter Supplier 1: from Part J
Removed Parameter Supplier 1: from Part J?
Removed Parameter Supplier 1: from Part J
Removed Parameter Supplier 1: from Part Y?
Removed Parameter Supplier 1: from Part Y?
Removed Parameter Supplier 1: from Part U
Removed Parameter Supplier 1: from Part TB?
Removed Parameter Supplier 1: from Part P?
Removed Parameter Supplier 1: from Part D?
Removed Parameter Supplier 1: from Part U?
Removed Parameter Supplier 1: from Part L?
Removed Parameter Supplier 1: from Part X?
Removed Parameter Supplier 1: from Part D?
Removed Parameter Supplier 1: from Part B?
Removed Parameter Supplier 1: from Part U?
Removed Parameter Supplier 1: from Part J?
Removed Parameter Supplier 1: from Part J?
Removed Parameter Supplier 1: from Part U?
Removed Parameter Supplier 1: from Part U?
Removed Parameter Supplier 1: from Part U?
Removed Parameter Supplier 1: from Part Q?
Removed Parameter Supplier 1: from Part Q?
Removed Parameter Supplier 1: from Part Q?
Removed Parameter Supplier 1: from Part ?
Removed Parameter Supplier 1: from Part Q?
Removed Parameter Supplier 1: from Part Q?
Removed Parameter Supplier 1: from Part C?
Removed Parameter Supplier 1: from Part C?
Removed Parameter Supplier 1: from Part RN?
Removed Parameter Supplier 1: from Part RN?
Removed Parameter Supplier 1: from Part RN?
Removed Parameter Supplier 1: from Part U?
Removed Parameter Supplier 1: from Part *
Removed Parameter Supplier 1: from Part U
Removed Parameter Supplier 1: from Part Y?
Removed Parameter Supplier 1: from Part Y?
Removed Parameter Supplier 1: from Part Y?
Removed Parameter Supplier 1: from Part J
Removed Parameter Supplier 1: from Part J
Removed Parameter Supplier 1: from Part D??
Removed Parameter Supplier 1: from Part U?
Removed Parameter Supplier 1: from Part U?
Removed Parameter Supplier 1: from Part U
Removed Parameter Supplier 1: from Part U
Removed Parameter Supplier 1: from Part K?
Removed Parameter Supplier 1: from Part EMI?
Removed Parameter Supplier 1: from Part Tx?
Removed Parameter Supplier 1: from Part U?
Removed Parameter Supplier 1: from Part U?
Removed Parameter Supplier 1: from Part C?
Removed Parameter Supplier 1: from Part A?
Removed Parameter Supplier 1: from Part C?
Removed Parameter Supplier 1: from Part C?
Removed Parameter Supplier 1: from Part C?
Removed Parameter Supplier 1: from Part C?
Removed Parameter Supplier 1: from Part C?
Removed Parameter Supplier 1: from Part C?
Removed Parameter Supplier 1: from Part C?
Removed Parameter Supplier 1: from Part C?
Removed Parameter Supplier 1: from Part C?
Removed Parameter Supplier 1: from Part C?
Removed Parameter Supplier 1: from Part C?
Removed Parameter Supplier 1: from Part C?
Removed Parameter Supplier 1: from Part C?
Removed Parameter Supplier 1: from Part C?
Removed Parameter Supplier 1: from Part C?
Removed Parameter Supplier 1: from Part XP?
Removed Parameter Supplier 1: from Part P?
Removed Parameter Supplier 1: from Part U?
Removed Parameter Supplier 1: from Part U?
Removed Parameter Supplier 1: from Part U?
Removed Parameter Supplier 1: from Part 
Removed Parameter Supplier 1: from Part U?
Removed Parameter Supplier 1: from Part U?
Removed Parameter Supplier 1: from Part U?
Removed Parameter Supplier 1: from Part U
Removed Parameter Supplier 1: from Part L?
Removed Parameter Supplier 1: from Part L?
Removed Parameter Supplier 1: from Part L?
Removed Parameter Supplier 1: from Part U?
Removed Parameter Supplier 1: from Part Q?
Removed Parameter Supplier 1: from Part Q?
Removed Parameter Supplier 1: from Part Q?
Removed Parameter Supplier 1: from Part Q?
Removed Parameter Supplier 1: from Part ?
Removed Parameter Supplier 1: from Part U?
Removed Parameter Supplier 1: from Part U?
Removed Parameter Supplier 1: from Part U
Removed Parameter Supplier 1: from Part U?
Removed Parameter Supplier 1: from Part L?
Removed Parameter Supplier 1: from Part L?
Removed Parameter Supplier 1: from Part U?
Removed Parameter Supplier 1: from Part D?
Removed Parameter Supplier 1: from Part U?
Removed Parameter Supplier 1: from Part U?
Removed Parameter Supplier 1: from Part Q?
Removed Parameter Supplier 1: from Part U?
Removed Parameter Supplier 1: from Part B?
Removed Parameter Supplier 1: from Part U?
Removed Parameter Supplier 1: from Part U?
Removed Parameter Supplier 1: from Part U?
Removed Parameter Supplier 1: from Part Q?
Removed Parameter Supplier 1: from Part Y?
Removed Parameter Supplier 1: from Part U?
Removed Parameter Supplier 1: from Part J?
Removed Parameter Supplier 1: from Part J?
Removed Parameter Supplier 1: from Part J?
Removed Parameter Supplier 1: from Part TP?
Removed Parameter Supplier 1: from Part D?
Removed Parameter Supplier 1: from Part D?
Removed Parameter Supplier 1: from Part D?
Removed Parameter Supplier 1: from Part FR?
Removed Parameter Supplier 1: from Part R?
Removed Parameter Supplier 1: from Part R?
Removed Parameter Supplier 1: from Part R?
Removed Parameter Supplier 1: from Part R?
Removed Parameter Supplier 1: from Part R?
Removed Parameter Supplier 1: from Part R?
Removed Parameter Supplier 1: from Part R?
Removed Parameter Supplier 1: from Part R?
Removed Parameter Supplier 1: from Part R?
Removed Parameter Supplier 1: from Part R?
Removed Parameter Supplier 1: from Part R?
Removed Parameter Supplier 1: from Part R?
Removed Parameter Supplier 1: from Part R?
Removed Parameter Supplier 1: from Part R?
Removed Parameter Supplier 1: from Part R?
Removed Parameter Supplier 1: from Part R?
Removed Parameter Supplier 1: from Part R?
Removed Parameter Supplier 1: from Part R?
Removed Parameter Supplier 1: from Part R?
Removed Parameter Supplier 1: from Part R?
Removed Parameter Supplier 1: from Part R?
Removed Parameter Supplier 1: from Part R?
Removed Parameter Supplier 1: from Part R?
Removed Parameter Supplier 1: from Part R?
Removed Parameter Supplier 1: from Part R?
Removed Parameter Supplier 1: from Part R?
Removed Parameter Supplier 1: from Part R?
Removed Parameter Supplier 1: from Part LED?
Removed Parameter Supplier 1: from Part U?
Removed Parameter Supplier 1: from Part P?
Removed Parameter Supplier 1: from Part P?
Removed Parameter Supplier 1: from Part S?
Removed Parameter Supplier 1: from Part U?
Removed Parameter Supplier 1: from Part R?
Removed Parameter Supplier 1: from Part Q?
Removed Parameter Supplier 1: from Part X?
Removed Parameter Supplier 1: from Part P?
Removed Parameter Supplier 1: from Part P?
Removed Parameter Supplier 1: from Part P?
Removed Parameter Supplier 1: from Part D?
Removed Parameter Supplier 1: from Part CAN-AP?
Removed Parameter Supplier 1: from Part J
Removed Parameter Supplier 1: from Part J
Removed Parameter Supplier 1: from Part J?
Removed Parameter Supplier 1: from Part U?
Removed Parameter Supplier 1: from Part U?
Removed Parameter Supplier 1: from Part U?
Removed Parameter Supplier 1: from Part U?
Removed Parameter Supplier 1: from Part U?
Removed Parameter Supplier 1: from Part D?
Removed Parameter Supplier 1: from Part U?
Removed Parameter Supplier 1: from Part DD?
Removed Parameter Supplier 1: from Part U?
Removed Parameter Supplier 1: from Part U?
Removed Parameter Supplier 1: from Part D?
Removed Parameter Supplier 1: from Part SWD?
Removed Parameter Supplier 1: from Part C?
Removed Parameter Supplier 1: from Part U?
Removed Parameter Supplier 1: from Part U?
Removed Parameter Supplier 1: from Part IC?
Removed Parameter Supplier 1: from Part U?
Removed Parameter Supplier 1: from Part D?
Removed Parameter Supplier 1: from Part U?
Removed Parameter Supplier 1: from Part TP?
Removed Parameter Supplier 1: from Part U?
Removed Parameter Supplier 1: from Part U?
Removed Parameter Supplier 1: from Part J?
Removed Parameter Supplier 1: from Part J?
Removed Parameter Supplier 1: from Part 
Removed Parameter Supplier 1: from Part U?
Removed Parameter Supplier 1: from Part J?
Removed Parameter Supplier 1: from Part U
Removed Parameter Supplier 1: from Part TVS?
Removed Parameter Supplier 1: from Part P?
Removed Parameter Supplier 1: from Part D?
Removed Parameter Supplier 1: from Part D?
Removed Parameter Supplier 1: from Part J?
Removed Parameter Supplier 1: from Part J?
Removed Parameter Supplier 1: from Part J?
Removed Parameter Supplier 1: from Part J?
Removed Parameter Supplier 1: from Part J?
Removed Parameter Supplier 1: from Part J?
Removed Parameter Supplier 1: from Part J?
Removed Parameter Supplier 1: from Part J?
Removed Parameter Supplier 1: from Part J?
Removed Parameter Supplier 1: from Part J?
Removed Parameter Supplier 1:Mouser from Part R?
Removed Parameter Supplier 1:Mouser from Part R?
Removed Parameter Supplier 1:Mouser from Part R?
Removed Parameter Supplier 1:Mouser from Part R?
Removed Parameter Supplier 1:Mouser from Part R?
Removed Parameter Supplier 1:Mouser from Part DD?
Removed Parameter Supplier Part Number 1:511-STM32F103T8U6 from Part DD?
Removed Parameter Supplier Part Number 1:603-RC0603FR-071K5L from Part R?
Removed Parameter Supplier Part Number 1:603-RC0603FR-0710KL from Part R?
Removed Parameter Supplier Part Number 1:603-RC0603FR-0710KL from Part R?
Removed Parameter Supplier Part Number 1:603-RC0603FR-0710KL from Part R?
Removed Parameter Supplier Part Number 1:603-RC0603FR-07750RL from Part R?
Removed Parameter Supplier Part Number 1: from Part D?
Removed Parameter Supplier Part Number 1: from Part J?
Removed Parameter Supplier Part Number 1: from Part C?
Removed Parameter Supplier Part Number 1: from Part J?
Removed Parameter Supplier Part Number 1: from Part U?
Removed Parameter Supplier Part Number 1: from Part D?
Removed Parameter Supplier Part Number 1: from Part D?
Removed Parameter Supplier Part Number 1: from Part D?
Removed Parameter Supplier Part Number 1: from Part D?
Removed Parameter Supplier Part Number 1: from Part P
Removed Parameter Supplier Part Number 1: from Part CAN?
Removed Parameter Supplier Part Number 1: from Part P?
Removed Parameter Supplier Part Number 1: from Part FT?
Removed Parameter Supplier Part Number 1: from Part J
Removed Parameter Supplier Part Number 1: from Part S?
Removed Parameter Supplier Part Number 1: from Part J?
Removed Parameter Supplier Part Number 1: from Part J?
Removed Parameter Supplier Part Number 1: from Part J
Removed Parameter Supplier Part Number 1: from Part J?
Removed Parameter Supplier Part Number 1: from Part J
Removed Parameter Supplier Part Number 1: from Part Y?
Removed Parameter Supplier Part Number 1: from Part Y?
Removed Parameter Supplier Part Number 1: from Part U
Removed Parameter Supplier Part Number 1: from Part TB?
Removed Parameter Supplier Part Number 1: from Part P?
Removed Parameter Supplier Part Number 1: from Part D?
Removed Parameter Supplier Part Number 1: from Part U?
Removed Parameter Supplier Part Number 1: from Part L?
Removed Parameter Supplier Part Number 1: from Part X?
Removed Parameter Supplier Part Number 1: from Part D?
Removed Parameter Supplier Part Number 1: from Part B?
Removed Parameter Supplier Part Number 1: from Part U?
Removed Parameter Supplier Part Number 1: from Part J?
Removed Parameter Supplier Part Number 1: from Part J?
Removed Parameter Supplier Part Number 1: from Part U?
Removed Parameter Supplier Part Number 1: from Part U?
Removed Parameter Supplier Part Number 1: from Part U?
Removed Parameter Supplier Part Number 1: from Part Q?
Removed Parameter Supplier Part Number 1: from Part Q?
Removed Parameter Supplier Part Number 1: from Part Q?
Removed Parameter Supplier Part Number 1: from Part ?
Removed Parameter Supplier Part Number 1: from Part Q?
Removed Parameter Supplier Part Number 1: from Part Q?
Removed Parameter Supplier Part Number 1: from Part C?
Removed Parameter Supplier Part Number 1: from Part C?
Removed Parameter Supplier Part Number 1: from Part RN?
Removed Parameter Supplier Part Number 1: from Part RN?
Removed Parameter Supplier Part Number 1: from Part RN?
Removed Parameter Supplier Part Number 1: from Part U?
Removed Parameter Supplier Part Number 1: from Part *
Removed Parameter Supplier Part Number 1: from Part U
Removed Parameter Supplier Part Number 1: from Part Y?
Removed Parameter Supplier Part Number 1: from Part Y?
Removed Parameter Supplier Part Number 1: from Part Y?
Removed Parameter Supplier Part Number 1: from Part J
Removed Parameter Supplier Part Number 1: from Part J
Removed Parameter Supplier Part Number 1: from Part D??
Removed Parameter Supplier Part Number 1: from Part U?
Removed Parameter Supplier Part Number 1: from Part U?
Removed Parameter Supplier Part Number 1: from Part U
Removed Parameter Supplier Part Number 1: from Part U
Removed Parameter Supplier Part Number 1: from Part K?
Removed Parameter Supplier Part Number 1: from Part EMI?
Removed Parameter Supplier Part Number 1: from Part Tx?
Removed Parameter Supplier Part Number 1: from Part U?
Removed Parameter Supplier Part Number 1: from Part U?
Removed Parameter Supplier Part Number 1: from Part C?
Removed Parameter Supplier Part Number 1: from Part A?
Removed Parameter Supplier Part Number 1: from Part C?
Removed Parameter Supplier Part Number 1: from Part C?
Removed Parameter Supplier Part Number 1: from Part C?
Removed Parameter Supplier Part Number 1: from Part C?
Removed Parameter Supplier Part Number 1: from Part C?
Removed Parameter Supplier Part Number 1: from Part C?
Removed Parameter Supplier Part Number 1: from Part C?
Removed Parameter Supplier Part Number 1: from Part C?
Removed Parameter Supplier Part Number 1: from Part C?
Removed Parameter Supplier Part Number 1: from Part C?
Removed Parameter Supplier Part Number 1: from Part C?
Removed Parameter Supplier Part Number 1: from Part C?
Removed Parameter Supplier Part Number 1: from Part C?
Removed Parameter Supplier Part Number 1: from Part C?
Removed Parameter Supplier Part Number 1: from Part C?
Removed Parameter Supplier Part Number 1: from Part XP?
Removed Parameter Supplier Part Number 1: from Part P?
Removed Parameter Supplier Part Number 1: from Part U?
Removed Parameter Supplier Part Number 1: from Part U?
Removed Parameter Supplier Part Number 1: from Part U?
Removed Parameter Supplier Part Number 1: from Part 
Removed Parameter Supplier Part Number 1: from Part U?
Removed Parameter Supplier Part Number 1: from Part U?
Removed Parameter Supplier Part Number 1: from Part U?
Removed Parameter Supplier Part Number 1: from Part U
Removed Parameter Supplier Part Number 1: from Part L?
Removed Parameter Supplier Part Number 1: from Part L?
Removed Parameter Supplier Part Number 1: from Part L?
Removed Parameter Supplier Part Number 1: from Part U?
Removed Parameter Supplier Part Number 1: from Part Q?
Removed Parameter Supplier Part Number 1: from Part Q?
Removed Parameter Supplier Part Number 1: from Part Q?
Removed Parameter Supplier Part Number 1: from Part Q?
Removed Parameter Supplier Part Number 1: from Part ?
Removed Parameter Supplier Part Number 1: from Part U?
Removed Parameter Supplier Part Number 1: from Part U?
Removed Parameter Supplier Part Number 1: from Part U
Removed Parameter Supplier Part Number 1: from Part U?
Removed Parameter Supplier Part Number 1: from Part L?
Removed Parameter Supplier Part Number 1: from Part L?
Removed Parameter Supplier Part Number 1: from Part U?
Removed Parameter Supplier Part Number 1: from Part D?
Removed Parameter Supplier Part Number 1: from Part U?
Removed Parameter Supplier Part Number 1: from Part U?
Removed Parameter Supplier Part Number 1: from Part Q?
Removed Parameter Supplier Part Number 1: from Part U?
Removed Parameter Supplier Part Number 1: from Part B?
Removed Parameter Supplier Part Number 1: from Part U?
Removed Parameter Supplier Part Number 1: from Part U?
Removed Parameter Supplier Part Number 1: from Part U?
Removed Parameter Supplier Part Number 1: from Part Q?
Removed Parameter Supplier Part Number 1: from Part Y?
Removed Parameter Supplier Part Number 1: from Part U?
Removed Parameter Supplier Part Number 1: from Part J?
Removed Parameter Supplier Part Number 1: from Part J?
Removed Parameter Supplier Part Number 1: from Part J?
Removed Parameter Supplier Part Number 1: from Part TP?
Removed Parameter Supplier Part Number 1: from Part D?
Removed Parameter Supplier Part Number 1: from Part D?
Removed Parameter Supplier Part Number 1: from Part D?
Removed Parameter Supplier Part Number 1: from Part FR?
Removed Parameter Supplier Part Number 1: from Part R?
Removed Parameter Supplier Part Number 1: from Part R?
Removed Parameter Supplier Part Number 1: from Part R?
Removed Parameter Supplier Part Number 1: from Part R?
Removed Parameter Supplier Part Number 1: from Part R?
Removed Parameter Supplier Part Number 1: from Part R?
Removed Parameter Supplier Part Number 1: from Part R?
Removed Parameter Supplier Part Number 1: from Part R?
Removed Parameter Supplier Part Number 1: from Part R?
Removed Parameter Supplier Part Number 1: from Part R?
Removed Parameter Supplier Part Number 1: from Part R?
Removed Parameter Supplier Part Number 1: from Part R?
Removed Parameter Supplier Part Number 1: from Part R?
Removed Parameter Supplier Part Number 1: from Part R?
Removed Parameter Supplier Part Number 1: from Part R?
Removed Parameter Supplier Part Number 1: from Part R?
Removed Parameter Supplier Part Number 1: from Part R?
Removed Parameter Supplier Part Number 1: from Part R?
Removed Parameter Supplier Part Number 1: from Part R?
Removed Parameter Supplier Part Number 1: from Part R?
Removed Parameter Supplier Part Number 1: from Part R?
Removed Parameter Supplier Part Number 1: from Part R?
Removed Parameter Supplier Part Number 1: from Part R?
Removed Parameter Supplier Part Number 1: from Part R?
Removed Parameter Supplier Part Number 1: from Part R?
Removed Parameter Supplier Part Number 1: from Part R?
Removed Parameter Supplier Part Number 1: from Part R?
Removed Parameter Supplier Part Number 1: from Part LED?
Removed Parameter Supplier Part Number 1: from Part U?
Removed Parameter Supplier Part Number 1: from Part P?
Removed Parameter Supplier Part Number 1: from Part P?
Removed Parameter Supplier Part Number 1: from Part S?
Removed Parameter Supplier Part Number 1: from Part U?
Removed Parameter Supplier Part Number 1: from Part R?
Removed Parameter Supplier Part Number 1: from Part Q?
Removed Parameter Supplier Part Number 1: from Part X?
Removed Parameter Supplier Part Number 1: from Part P?
Removed Parameter Supplier Part Number 1: from Part P?
Removed Parameter Supplier Part Number 1: from Part P?
Removed Parameter Supplier Part Number 1: from Part D?
Removed Parameter Supplier Part Number 1: from Part CAN-AP?
Removed Parameter Supplier Part Number 1: from Part J
Removed Parameter Supplier Part Number 1: from Part J
Removed Parameter Supplier Part Number 1: from Part J?
Removed Parameter Supplier Part Number 1: from Part U?
Removed Parameter Supplier Part Number 1: from Part U?
Removed Parameter Supplier Part Number 1: from Part U?
Removed Parameter Supplier Part Number 1: from Part U?
Removed Parameter Supplier Part Number 1: from Part U?
Removed Parameter Supplier Part Number 1: from Part D?
Removed Parameter Supplier Part Number 1: from Part U?
Removed Parameter Supplier Part Number 1: from Part DD?
Removed Parameter Supplier Part Number 1: from Part U?
Removed Parameter Supplier Part Number 1: from Part U?
Removed Parameter Supplier Part Number 1: from Part D?
Removed Parameter Supplier Part Number 1: from Part SWD?
Removed Parameter Supplier Part Number 1: from Part C?
Removed Parameter Supplier Part Number 1: from Part U?
Removed Parameter Supplier Part Number 1: from Part U?
Removed Parameter Supplier Part Number 1: from Part IC?
Removed Parameter Supplier Part Number 1: from Part U?
Removed Parameter Supplier Part Number 1: from Part D?
Removed Parameter Supplier Part Number 1: from Part U?
Removed Parameter Supplier Part Number 1: from Part TP?
Removed Parameter Supplier Part Number 1: from Part U?
Removed Parameter Supplier Part Number 1: from Part U?
Removed Parameter Supplier Part Number 1: from Part J?
Removed Parameter Supplier Part Number 1: from Part J?
Removed Parameter Supplier Part Number 1: from Part 
Removed Parameter Supplier Part Number 1: from Part U?
Removed Parameter Supplier Part Number 1: from Part J?
Removed Parameter Supplier Part Number 1: from Part U
Removed Parameter Supplier Part Number 1: from Part TVS?
Removed Parameter Supplier Part Number 1: from Part P?
Removed Parameter Supplier Part Number 1: from Part D?
Removed Parameter Supplier Part Number 1: from Part D?
Removed Parameter Supplier Part Number 1: from Part J?
Removed Parameter Supplier Part Number 1: from Part J?
Removed Parameter Supplier Part Number 1: from Part J?
Removed Parameter Supplier Part Number 1: from Part J?
Removed Parameter Supplier Part Number 1: from Part J?
Removed Parameter Supplier Part Number 1: from Part J?
Removed Parameter Supplier Part Number 1: from Part J?
Removed Parameter Supplier Part Number 1: from Part J?
Removed Parameter Supplier Part Number 1: from Part J?
Removed Parameter Supplier Part Number 1: from Part J?
Removed Parameter SymbolName_1:USB2517-JZX from Part U?
Removed Parameter TE_purchase_URL:https://www.te.com/usa-en/product-1-406507-5.html?te_bu=Cor&te_type=disp&te_campaign=seda_glo_cor-seda-global-disp-prtnr-fy19-seda-model-bom-cta_sma-317_1&elqCampaignId=32493 from Part J?
